<!doctype html>
<html lang="">
<head>
    <meta charset="UTF-8">
    <meta name="viewport"
          content="width=device-width, user-scalable=no, initial-scale=1.0, maximum-scale=1.0, minimum-scale=1.0">
    <meta http-equiv="X-UA-Compatible" content="ie=edge">
    <title>Test Results Report - Filter List Rawat Jalan Test</title>

    <link href="reportng.css" rel="stylesheet" type="text/css"/>
</head>
<body>
<div id="meta">
Generated by <a href="http://www.testng.org" target="_blank">TestNG</a> with <a href="https://github.com/testng-team/reportng" target="_blank">ReportNG</a>
at 09:17 WIB on Friday 03 November 2023
    <br/><span
    id="systemInfo">Arrumi Alfarazi@LAPTOP-9GT25MGM&nbsp;/&nbsp;Java 17.0.7 (Oracle Corporation)&nbsp;/&nbsp;Windows 11 10.0 (amd64)</span>
</div>
<h1>Filter List Rawat Jalan Test</h1>

<p>
    <a href="index.html">Suites</a>
        &#183; <a href="output.html">Log Output</a>
</p>

<p>Test duration
    : 313.041s</p>


    <table class="resultsTable">
        <tr>
            <th colspan="3" class="header failed">Failed Tests</th>
        </tr>
            <tr>
                <td class="group" colspan="3">test.rawatjalan.FilterRJTest</td>
            </tr>
    <tr>
        <td class="method">
                verifyFilterCardNoListRJ
        </td>
        <td class="duration">
            5.861s
        </td>
        <td class="result">
            <!-- Display the dependencies for skipped test methods -->


            <!-- Show logger output for the test -->

                <a href="javascript:toggleElement('exception-0', 'block')"
                   title="Click to expand/collapse">
                    <b>org.openqa.selenium.StaleElementReferenceException: The element with the reference 9d51977a-a6fb-4639-98fa-22b91024be10 is stale; either its node document is not the active document, or it is no longer connected to the DOM<br/>
For documentation on this error, please visit: https://selenium.dev/exceptions/#stale_element_reference<br/>
Build info: version: &apos;4.9.0&apos;, revision: &apos;d7057100a6&apos;<br/>
System info: os.name: &apos;Windows 11&apos;, os.arch: &apos;amd64&apos;, os.version: &apos;10.0&apos;, java.version: &apos;17.0.7&apos;<br/>
Driver info: org.openqa.selenium.firefox.FirefoxDriver<br/>
Command: [a8ce6dea-4b69-4b27-a00c-8b41169bfe25, isElementDisplayed {id=9d51977a-a6fb-4639-98fa-22b91024be10}]<br/>
Capabilities {acceptInsecureCerts: true, browserName: firefox, browserVersion: 118.0.2, moz:accessibilityChecks: false, moz:buildID: 20231009140911, moz:debuggerAddress: 127.0.0.1:22671, moz:geckodriverVersion: 0.33.0, moz:headless: false, moz:platformVersion: 10.0, moz:processID: 2732, moz:profile: C:\Users\ARRUMI~1\AppData\L..., moz:shutdownTimeout: 60000, moz:webdriverClick: true, moz:windowless: false, pageLoadStrategy: normal, platformName: WINDOWS, proxy: Proxy(), se:cdp: ws://127.0.0.1:22671/devtoo..., se:cdpVersion: 85.0, setWindowRect: true, strictFileInteractability: false, timeouts: {implicit: 0, pageLoad: 300000, script: 30000}, unhandledPromptBehavior: dismiss and notify}<br/>
Element: [[FirefoxDriver: firefox on WINDOWS (a8ce6dea-4b69-4b27-a00c-8b41169bfe25)] -&gt; xpath: //div[@data-testid=&apos;btnShowFilter&apos;]]<br/>
Session ID: a8ce6dea-4b69-4b27-a00c-8b41169bfe25</b>
                </a>
                <br/>
                <div class="stackTrace" id="exception-0">
                        java.base/jdk.internal.reflect.NativeConstructorAccessorImpl.newInstance0(Native Method)<br/>
                        java.base/jdk.internal.reflect.NativeConstructorAccessorImpl.newInstance(NativeConstructorAccessorImpl.java:77)<br/>
                        java.base/jdk.internal.reflect.DelegatingConstructorAccessorImpl.newInstance(DelegatingConstructorAccessorImpl.java:45)<br/>
                        java.base/java.lang.reflect.Constructor.newInstanceWithCaller(Constructor.java:499)<br/>
                        java.base/java.lang.reflect.Constructor.newInstance(Constructor.java:480)<br/>
                        org.openqa.selenium.remote.codec.w3c.W3CHttpResponseCodec.createException(W3CHttpResponseCodec.java:200)<br/>
                        org.openqa.selenium.remote.codec.w3c.W3CHttpResponseCodec.decode(W3CHttpResponseCodec.java:133)<br/>
                        org.openqa.selenium.remote.codec.w3c.W3CHttpResponseCodec.decode(W3CHttpResponseCodec.java:53)<br/>
                        org.openqa.selenium.remote.HttpCommandExecutor.execute(HttpCommandExecutor.java:193)<br/>
                        org.openqa.selenium.remote.service.DriverCommandExecutor.invokeExecute(DriverCommandExecutor.java:183)<br/>
                        org.openqa.selenium.remote.service.DriverCommandExecutor.execute(DriverCommandExecutor.java:158)<br/>
                        org.openqa.selenium.remote.RemoteWebDriver.execute(RemoteWebDriver.java:543)<br/>
                        org.openqa.selenium.remote.RemoteWebElement.execute(RemoteWebElement.java:257)<br/>
                        org.openqa.selenium.remote.RemoteWebElement.isDisplayed(RemoteWebElement.java:313)<br/>
                        jdk.internal.reflect.GeneratedMethodAccessor6.invoke(Unknown Source)<br/>
                        java.base/jdk.internal.reflect.DelegatingMethodAccessorImpl.invoke(DelegatingMethodAccessorImpl.java:43)<br/>
                        java.base/java.lang.reflect.Method.invoke(Method.java:568)<br/>
                        org.openqa.selenium.support.pagefactory.internal.LocatingElementHandler.invoke(LocatingElementHandler.java:52)<br/>
                        jdk.proxy2/jdk.proxy2.$Proxy19.isDisplayed(Unknown Source)<br/>
                        org.openqa.selenium.support.ui.ExpectedConditions.elementIfVisible(ExpectedConditions.java:307)<br/>
                        org.openqa.selenium.support.ui.ExpectedConditions.access$000(ExpectedConditions.java:40)<br/>
                        org.openqa.selenium.support.ui.ExpectedConditions$10.apply(ExpectedConditions.java:293)<br/>
                        org.openqa.selenium.support.ui.ExpectedConditions$10.apply(ExpectedConditions.java:290)<br/>
                        org.openqa.selenium.support.ui.ExpectedConditions$23.apply(ExpectedConditions.java:660)<br/>
                        org.openqa.selenium.support.ui.ExpectedConditions$23.apply(ExpectedConditions.java:656)<br/>
                        org.openqa.selenium.support.ui.FluentWait.until(FluentWait.java:208)<br/>
                        page.BasePage.waitForClickable(BasePage.java:59)<br/>
                        page.BasePage.doClick(BasePage.java:24)<br/>
                        page.rawatjalan.ListRJPage.clickPencarian(ListRJPage.java:153)<br/>
                        test.rawatjalan.FilterRJTest.verifyFilterCardNoListRJ(FilterRJTest.java:135)<br/>
                        java.base/jdk.internal.reflect.NativeMethodAccessorImpl.invoke0(Native Method)<br/>
                        java.base/jdk.internal.reflect.NativeMethodAccessorImpl.invoke(NativeMethodAccessorImpl.java:77)<br/>
                        java.base/jdk.internal.reflect.DelegatingMethodAccessorImpl.invoke(DelegatingMethodAccessorImpl.java:43)<br/>
                        java.base/java.lang.reflect.Method.invoke(Method.java:568)<br/>
                        org.testng.internal.MethodInvocationHelper.invokeMethod(MethodInvocationHelper.java:124)<br/>
                        org.testng.internal.Invoker.invokeMethod(Invoker.java:583)<br/>
                        org.testng.internal.Invoker.invokeTestMethod(Invoker.java:719)<br/>
                        org.testng.internal.Invoker.invokeTestMethods(Invoker.java:989)<br/>
                        org.testng.internal.TestMethodWorker.invokeTestMethods(TestMethodWorker.java:125)<br/>
                        org.testng.internal.TestMethodWorker.run(TestMethodWorker.java:109)<br/>
                        java.base/java.util.concurrent.ThreadPoolExecutor.runWorker(ThreadPoolExecutor.java:1136)<br/>
                        java.base/java.util.concurrent.ThreadPoolExecutor$Worker.run(ThreadPoolExecutor.java:635)<br/>
                        java.base/java.lang.Thread.run(Thread.java:833)<br/>
                </div>
        </td>
    </tr>
    <tr>
        <td class="method">
                verifyFilterCardNoNegListRJ
        </td>
        <td class="duration">
            5.447s
        </td>
        <td class="result">
            <!-- Display the dependencies for skipped test methods -->


            <!-- Show logger output for the test -->

                <a href="javascript:toggleElement('exception-1', 'block')"
                   title="Click to expand/collapse">
                    <b>org.openqa.selenium.StaleElementReferenceException: The element with the reference 98bf165c-c0ed-4d81-b1b5-36adafc716e7 is stale; either its node document is not the active document, or it is no longer connected to the DOM<br/>
For documentation on this error, please visit: https://selenium.dev/exceptions/#stale_element_reference<br/>
Build info: version: &apos;4.9.0&apos;, revision: &apos;d7057100a6&apos;<br/>
System info: os.name: &apos;Windows 11&apos;, os.arch: &apos;amd64&apos;, os.version: &apos;10.0&apos;, java.version: &apos;17.0.7&apos;<br/>
Driver info: org.openqa.selenium.firefox.FirefoxDriver<br/>
Command: [34c38804-1937-45b7-8611-163454403e5e, isElementDisplayed {id=98bf165c-c0ed-4d81-b1b5-36adafc716e7}]<br/>
Capabilities {acceptInsecureCerts: true, browserName: firefox, browserVersion: 118.0.2, moz:accessibilityChecks: false, moz:buildID: 20231009140911, moz:debuggerAddress: 127.0.0.1:12911, moz:geckodriverVersion: 0.33.0, moz:headless: false, moz:platformVersion: 10.0, moz:processID: 64752, moz:profile: C:\Users\ARRUMI~1\AppData\L..., moz:shutdownTimeout: 60000, moz:webdriverClick: true, moz:windowless: false, pageLoadStrategy: normal, platformName: WINDOWS, proxy: Proxy(), se:cdp: ws://127.0.0.1:12911/devtoo..., se:cdpVersion: 85.0, setWindowRect: true, strictFileInteractability: false, timeouts: {implicit: 0, pageLoad: 300000, script: 30000}, unhandledPromptBehavior: dismiss and notify}<br/>
Element: [[FirefoxDriver: firefox on WINDOWS (34c38804-1937-45b7-8611-163454403e5e)] -&gt; xpath: //div[@data-testid=&apos;btnShowFilter&apos;]]<br/>
Session ID: 34c38804-1937-45b7-8611-163454403e5e</b>
                </a>
                <br/>
                <div class="stackTrace" id="exception-1">
                        java.base/jdk.internal.reflect.NativeConstructorAccessorImpl.newInstance0(Native Method)<br/>
                        java.base/jdk.internal.reflect.NativeConstructorAccessorImpl.newInstance(NativeConstructorAccessorImpl.java:77)<br/>
                        java.base/jdk.internal.reflect.DelegatingConstructorAccessorImpl.newInstance(DelegatingConstructorAccessorImpl.java:45)<br/>
                        java.base/java.lang.reflect.Constructor.newInstanceWithCaller(Constructor.java:499)<br/>
                        java.base/java.lang.reflect.Constructor.newInstance(Constructor.java:480)<br/>
                        org.openqa.selenium.remote.codec.w3c.W3CHttpResponseCodec.createException(W3CHttpResponseCodec.java:200)<br/>
                        org.openqa.selenium.remote.codec.w3c.W3CHttpResponseCodec.decode(W3CHttpResponseCodec.java:133)<br/>
                        org.openqa.selenium.remote.codec.w3c.W3CHttpResponseCodec.decode(W3CHttpResponseCodec.java:53)<br/>
                        org.openqa.selenium.remote.HttpCommandExecutor.execute(HttpCommandExecutor.java:193)<br/>
                        org.openqa.selenium.remote.service.DriverCommandExecutor.invokeExecute(DriverCommandExecutor.java:183)<br/>
                        org.openqa.selenium.remote.service.DriverCommandExecutor.execute(DriverCommandExecutor.java:158)<br/>
                        org.openqa.selenium.remote.RemoteWebDriver.execute(RemoteWebDriver.java:543)<br/>
                        org.openqa.selenium.remote.RemoteWebElement.execute(RemoteWebElement.java:257)<br/>
                        org.openqa.selenium.remote.RemoteWebElement.isDisplayed(RemoteWebElement.java:313)<br/>
                        jdk.internal.reflect.GeneratedMethodAccessor6.invoke(Unknown Source)<br/>
                        java.base/jdk.internal.reflect.DelegatingMethodAccessorImpl.invoke(DelegatingMethodAccessorImpl.java:43)<br/>
                        java.base/java.lang.reflect.Method.invoke(Method.java:568)<br/>
                        org.openqa.selenium.support.pagefactory.internal.LocatingElementHandler.invoke(LocatingElementHandler.java:52)<br/>
                        jdk.proxy2/jdk.proxy2.$Proxy19.isDisplayed(Unknown Source)<br/>
                        org.openqa.selenium.support.ui.ExpectedConditions.elementIfVisible(ExpectedConditions.java:307)<br/>
                        org.openqa.selenium.support.ui.ExpectedConditions.access$000(ExpectedConditions.java:40)<br/>
                        org.openqa.selenium.support.ui.ExpectedConditions$10.apply(ExpectedConditions.java:293)<br/>
                        org.openqa.selenium.support.ui.ExpectedConditions$10.apply(ExpectedConditions.java:290)<br/>
                        org.openqa.selenium.support.ui.ExpectedConditions$23.apply(ExpectedConditions.java:660)<br/>
                        org.openqa.selenium.support.ui.ExpectedConditions$23.apply(ExpectedConditions.java:656)<br/>
                        org.openqa.selenium.support.ui.FluentWait.until(FluentWait.java:208)<br/>
                        page.BasePage.waitForClickable(BasePage.java:59)<br/>
                        page.BasePage.doClick(BasePage.java:24)<br/>
                        page.rawatjalan.ListRJPage.clickPencarian(ListRJPage.java:153)<br/>
                        test.rawatjalan.FilterRJTest.verifyFilterCardNoNegListRJ(FilterRJTest.java:154)<br/>
                        java.base/jdk.internal.reflect.NativeMethodAccessorImpl.invoke0(Native Method)<br/>
                        java.base/jdk.internal.reflect.NativeMethodAccessorImpl.invoke(NativeMethodAccessorImpl.java:77)<br/>
                        java.base/jdk.internal.reflect.DelegatingMethodAccessorImpl.invoke(DelegatingMethodAccessorImpl.java:43)<br/>
                        java.base/java.lang.reflect.Method.invoke(Method.java:568)<br/>
                        org.testng.internal.MethodInvocationHelper.invokeMethod(MethodInvocationHelper.java:124)<br/>
                        org.testng.internal.Invoker.invokeMethod(Invoker.java:583)<br/>
                        org.testng.internal.Invoker.invokeTestMethod(Invoker.java:719)<br/>
                        org.testng.internal.Invoker.invokeTestMethods(Invoker.java:989)<br/>
                        org.testng.internal.TestMethodWorker.invokeTestMethods(TestMethodWorker.java:125)<br/>
                        org.testng.internal.TestMethodWorker.run(TestMethodWorker.java:109)<br/>
                        java.base/java.util.concurrent.ThreadPoolExecutor.runWorker(ThreadPoolExecutor.java:1136)<br/>
                        java.base/java.util.concurrent.ThreadPoolExecutor$Worker.run(ThreadPoolExecutor.java:635)<br/>
                        java.base/java.lang.Thread.run(Thread.java:833)<br/>
                </div>
        </td>
    </tr>
    <tr>
        <td class="method">
                verifyFilterNoKlaimListRJ
        </td>
        <td class="duration">
            7.700s
        </td>
        <td class="result">
            <!-- Display the dependencies for skipped test methods -->


            <!-- Show logger output for the test -->

                <a href="javascript:toggleElement('exception-2', 'block')"
                   title="Click to expand/collapse">
                    <b>org.openqa.selenium.StaleElementReferenceException: The element with the reference 7735777f-fae3-4706-be5a-7c3527504d0f is stale; either its node document is not the active document, or it is no longer connected to the DOM<br/>
For documentation on this error, please visit: https://selenium.dev/exceptions/#stale_element_reference<br/>
Build info: version: &apos;4.9.0&apos;, revision: &apos;d7057100a6&apos;<br/>
System info: os.name: &apos;Windows 11&apos;, os.arch: &apos;amd64&apos;, os.version: &apos;10.0&apos;, java.version: &apos;17.0.7&apos;<br/>
Driver info: org.openqa.selenium.firefox.FirefoxDriver<br/>
Command: [7d3171dd-8963-4e35-81e0-3534ee6db584, isElementDisplayed {id=7735777f-fae3-4706-be5a-7c3527504d0f}]<br/>
Capabilities {acceptInsecureCerts: true, browserName: firefox, browserVersion: 118.0.2, moz:accessibilityChecks: false, moz:buildID: 20231009140911, moz:debuggerAddress: 127.0.0.1:46123, moz:geckodriverVersion: 0.33.0, moz:headless: false, moz:platformVersion: 10.0, moz:processID: 52116, moz:profile: C:\Users\ARRUMI~1\AppData\L..., moz:shutdownTimeout: 60000, moz:webdriverClick: true, moz:windowless: false, pageLoadStrategy: normal, platformName: WINDOWS, proxy: Proxy(), se:cdp: ws://127.0.0.1:46123/devtoo..., se:cdpVersion: 85.0, setWindowRect: true, strictFileInteractability: false, timeouts: {implicit: 0, pageLoad: 300000, script: 30000}, unhandledPromptBehavior: dismiss and notify}<br/>
Element: [[FirefoxDriver: firefox on WINDOWS (7d3171dd-8963-4e35-81e0-3534ee6db584)] -&gt; xpath: //div[@data-testid=&apos;btnShowFilter&apos;]]<br/>
Session ID: 7d3171dd-8963-4e35-81e0-3534ee6db584</b>
                </a>
                <br/>
                <div class="stackTrace" id="exception-2">
                        java.base/jdk.internal.reflect.NativeConstructorAccessorImpl.newInstance0(Native Method)<br/>
                        java.base/jdk.internal.reflect.NativeConstructorAccessorImpl.newInstance(NativeConstructorAccessorImpl.java:77)<br/>
                        java.base/jdk.internal.reflect.DelegatingConstructorAccessorImpl.newInstance(DelegatingConstructorAccessorImpl.java:45)<br/>
                        java.base/java.lang.reflect.Constructor.newInstanceWithCaller(Constructor.java:499)<br/>
                        java.base/java.lang.reflect.Constructor.newInstance(Constructor.java:480)<br/>
                        org.openqa.selenium.remote.codec.w3c.W3CHttpResponseCodec.createException(W3CHttpResponseCodec.java:200)<br/>
                        org.openqa.selenium.remote.codec.w3c.W3CHttpResponseCodec.decode(W3CHttpResponseCodec.java:133)<br/>
                        org.openqa.selenium.remote.codec.w3c.W3CHttpResponseCodec.decode(W3CHttpResponseCodec.java:53)<br/>
                        org.openqa.selenium.remote.HttpCommandExecutor.execute(HttpCommandExecutor.java:193)<br/>
                        org.openqa.selenium.remote.service.DriverCommandExecutor.invokeExecute(DriverCommandExecutor.java:183)<br/>
                        org.openqa.selenium.remote.service.DriverCommandExecutor.execute(DriverCommandExecutor.java:158)<br/>
                        org.openqa.selenium.remote.RemoteWebDriver.execute(RemoteWebDriver.java:543)<br/>
                        org.openqa.selenium.remote.RemoteWebElement.execute(RemoteWebElement.java:257)<br/>
                        org.openqa.selenium.remote.RemoteWebElement.isDisplayed(RemoteWebElement.java:313)<br/>
                        jdk.internal.reflect.GeneratedMethodAccessor6.invoke(Unknown Source)<br/>
                        java.base/jdk.internal.reflect.DelegatingMethodAccessorImpl.invoke(DelegatingMethodAccessorImpl.java:43)<br/>
                        java.base/java.lang.reflect.Method.invoke(Method.java:568)<br/>
                        org.openqa.selenium.support.pagefactory.internal.LocatingElementHandler.invoke(LocatingElementHandler.java:52)<br/>
                        jdk.proxy2/jdk.proxy2.$Proxy19.isDisplayed(Unknown Source)<br/>
                        org.openqa.selenium.support.ui.ExpectedConditions.elementIfVisible(ExpectedConditions.java:307)<br/>
                        org.openqa.selenium.support.ui.ExpectedConditions.access$000(ExpectedConditions.java:40)<br/>
                        org.openqa.selenium.support.ui.ExpectedConditions$10.apply(ExpectedConditions.java:293)<br/>
                        org.openqa.selenium.support.ui.ExpectedConditions$10.apply(ExpectedConditions.java:290)<br/>
                        org.openqa.selenium.support.ui.ExpectedConditions$23.apply(ExpectedConditions.java:660)<br/>
                        org.openqa.selenium.support.ui.ExpectedConditions$23.apply(ExpectedConditions.java:656)<br/>
                        org.openqa.selenium.support.ui.FluentWait.until(FluentWait.java:208)<br/>
                        page.BasePage.waitForClickable(BasePage.java:59)<br/>
                        page.BasePage.doClick(BasePage.java:24)<br/>
                        page.rawatjalan.ListRJPage.clickPencarian(ListRJPage.java:153)<br/>
                        test.rawatjalan.FilterRJTest.verifyFilterNoKlaimListRJ(FilterRJTest.java:31)<br/>
                        java.base/jdk.internal.reflect.NativeMethodAccessorImpl.invoke0(Native Method)<br/>
                        java.base/jdk.internal.reflect.NativeMethodAccessorImpl.invoke(NativeMethodAccessorImpl.java:77)<br/>
                        java.base/jdk.internal.reflect.DelegatingMethodAccessorImpl.invoke(DelegatingMethodAccessorImpl.java:43)<br/>
                        java.base/java.lang.reflect.Method.invoke(Method.java:568)<br/>
                        org.testng.internal.MethodInvocationHelper.invokeMethod(MethodInvocationHelper.java:124)<br/>
                        org.testng.internal.Invoker.invokeMethod(Invoker.java:583)<br/>
                        org.testng.internal.Invoker.invokeTestMethod(Invoker.java:719)<br/>
                        org.testng.internal.Invoker.invokeTestMethods(Invoker.java:989)<br/>
                        org.testng.internal.TestMethodWorker.invokeTestMethods(TestMethodWorker.java:125)<br/>
                        org.testng.internal.TestMethodWorker.run(TestMethodWorker.java:109)<br/>
                        java.base/java.util.concurrent.ThreadPoolExecutor.runWorker(ThreadPoolExecutor.java:1136)<br/>
                        java.base/java.util.concurrent.ThreadPoolExecutor$Worker.run(ThreadPoolExecutor.java:635)<br/>
                        java.base/java.lang.Thread.run(Thread.java:833)<br/>
                </div>
        </td>
    </tr>
    <tr>
        <td class="method">
                verifyFilterNoKlaimNegListRJ
        </td>
        <td class="duration">
            6.821s
        </td>
        <td class="result">
            <!-- Display the dependencies for skipped test methods -->


            <!-- Show logger output for the test -->

                <a href="javascript:toggleElement('exception-3', 'block')"
                   title="Click to expand/collapse">
                    <b>org.openqa.selenium.StaleElementReferenceException: The element with the reference 915f3da9-6ac6-47fe-b64e-90606e9456f1 is stale; either its node document is not the active document, or it is no longer connected to the DOM<br/>
For documentation on this error, please visit: https://selenium.dev/exceptions/#stale_element_reference<br/>
Build info: version: &apos;4.9.0&apos;, revision: &apos;d7057100a6&apos;<br/>
System info: os.name: &apos;Windows 11&apos;, os.arch: &apos;amd64&apos;, os.version: &apos;10.0&apos;, java.version: &apos;17.0.7&apos;<br/>
Driver info: org.openqa.selenium.firefox.FirefoxDriver<br/>
Command: [1c59a4fa-63e3-4249-bc75-68e565b7b234, isElementDisplayed {id=915f3da9-6ac6-47fe-b64e-90606e9456f1}]<br/>
Capabilities {acceptInsecureCerts: true, browserName: firefox, browserVersion: 118.0.2, moz:accessibilityChecks: false, moz:buildID: 20231009140911, moz:debuggerAddress: 127.0.0.1:39452, moz:geckodriverVersion: 0.33.0, moz:headless: false, moz:platformVersion: 10.0, moz:processID: 63324, moz:profile: C:\Users\ARRUMI~1\AppData\L..., moz:shutdownTimeout: 60000, moz:webdriverClick: true, moz:windowless: false, pageLoadStrategy: normal, platformName: WINDOWS, proxy: Proxy(), se:cdp: ws://127.0.0.1:39452/devtoo..., se:cdpVersion: 85.0, setWindowRect: true, strictFileInteractability: false, timeouts: {implicit: 0, pageLoad: 300000, script: 30000}, unhandledPromptBehavior: dismiss and notify}<br/>
Element: [[FirefoxDriver: firefox on WINDOWS (1c59a4fa-63e3-4249-bc75-68e565b7b234)] -&gt; xpath: //div[@data-testid=&apos;btnShowFilter&apos;]]<br/>
Session ID: 1c59a4fa-63e3-4249-bc75-68e565b7b234</b>
                </a>
                <br/>
                <div class="stackTrace" id="exception-3">
                        java.base/jdk.internal.reflect.NativeConstructorAccessorImpl.newInstance0(Native Method)<br/>
                        java.base/jdk.internal.reflect.NativeConstructorAccessorImpl.newInstance(NativeConstructorAccessorImpl.java:77)<br/>
                        java.base/jdk.internal.reflect.DelegatingConstructorAccessorImpl.newInstance(DelegatingConstructorAccessorImpl.java:45)<br/>
                        java.base/java.lang.reflect.Constructor.newInstanceWithCaller(Constructor.java:499)<br/>
                        java.base/java.lang.reflect.Constructor.newInstance(Constructor.java:480)<br/>
                        org.openqa.selenium.remote.codec.w3c.W3CHttpResponseCodec.createException(W3CHttpResponseCodec.java:200)<br/>
                        org.openqa.selenium.remote.codec.w3c.W3CHttpResponseCodec.decode(W3CHttpResponseCodec.java:133)<br/>
                        org.openqa.selenium.remote.codec.w3c.W3CHttpResponseCodec.decode(W3CHttpResponseCodec.java:53)<br/>
                        org.openqa.selenium.remote.HttpCommandExecutor.execute(HttpCommandExecutor.java:193)<br/>
                        org.openqa.selenium.remote.service.DriverCommandExecutor.invokeExecute(DriverCommandExecutor.java:183)<br/>
                        org.openqa.selenium.remote.service.DriverCommandExecutor.execute(DriverCommandExecutor.java:158)<br/>
                        org.openqa.selenium.remote.RemoteWebDriver.execute(RemoteWebDriver.java:543)<br/>
                        org.openqa.selenium.remote.RemoteWebElement.execute(RemoteWebElement.java:257)<br/>
                        org.openqa.selenium.remote.RemoteWebElement.isDisplayed(RemoteWebElement.java:313)<br/>
                        jdk.internal.reflect.GeneratedMethodAccessor6.invoke(Unknown Source)<br/>
                        java.base/jdk.internal.reflect.DelegatingMethodAccessorImpl.invoke(DelegatingMethodAccessorImpl.java:43)<br/>
                        java.base/java.lang.reflect.Method.invoke(Method.java:568)<br/>
                        org.openqa.selenium.support.pagefactory.internal.LocatingElementHandler.invoke(LocatingElementHandler.java:52)<br/>
                        jdk.proxy2/jdk.proxy2.$Proxy19.isDisplayed(Unknown Source)<br/>
                        org.openqa.selenium.support.ui.ExpectedConditions.elementIfVisible(ExpectedConditions.java:307)<br/>
                        org.openqa.selenium.support.ui.ExpectedConditions.access$000(ExpectedConditions.java:40)<br/>
                        org.openqa.selenium.support.ui.ExpectedConditions$10.apply(ExpectedConditions.java:293)<br/>
                        org.openqa.selenium.support.ui.ExpectedConditions$10.apply(ExpectedConditions.java:290)<br/>
                        org.openqa.selenium.support.ui.ExpectedConditions$23.apply(ExpectedConditions.java:660)<br/>
                        org.openqa.selenium.support.ui.ExpectedConditions$23.apply(ExpectedConditions.java:656)<br/>
                        org.openqa.selenium.support.ui.FluentWait.until(FluentWait.java:208)<br/>
                        page.BasePage.waitForClickable(BasePage.java:59)<br/>
                        page.BasePage.doClick(BasePage.java:24)<br/>
                        page.rawatjalan.ListRJPage.clickPencarian(ListRJPage.java:153)<br/>
                        test.rawatjalan.FilterRJTest.verifyFilterNoKlaimNegListRJ(FilterRJTest.java:50)<br/>
                        java.base/jdk.internal.reflect.NativeMethodAccessorImpl.invoke0(Native Method)<br/>
                        java.base/jdk.internal.reflect.NativeMethodAccessorImpl.invoke(NativeMethodAccessorImpl.java:77)<br/>
                        java.base/jdk.internal.reflect.DelegatingMethodAccessorImpl.invoke(DelegatingMethodAccessorImpl.java:43)<br/>
                        java.base/java.lang.reflect.Method.invoke(Method.java:568)<br/>
                        org.testng.internal.MethodInvocationHelper.invokeMethod(MethodInvocationHelper.java:124)<br/>
                        org.testng.internal.Invoker.invokeMethod(Invoker.java:583)<br/>
                        org.testng.internal.Invoker.invokeTestMethod(Invoker.java:719)<br/>
                        org.testng.internal.Invoker.invokeTestMethods(Invoker.java:989)<br/>
                        org.testng.internal.TestMethodWorker.invokeTestMethods(TestMethodWorker.java:125)<br/>
                        org.testng.internal.TestMethodWorker.run(TestMethodWorker.java:109)<br/>
                        java.base/java.util.concurrent.ThreadPoolExecutor.runWorker(ThreadPoolExecutor.java:1136)<br/>
                        java.base/java.util.concurrent.ThreadPoolExecutor$Worker.run(ThreadPoolExecutor.java:635)<br/>
                        java.base/java.lang.Thread.run(Thread.java:833)<br/>
                </div>
        </td>
    </tr>
    <tr>
        <td class="method">
                verifyFilterParticipantNameNegListRJ
        </td>
        <td class="duration">
            6.601s
        </td>
        <td class="result">
            <!-- Display the dependencies for skipped test methods -->


            <!-- Show logger output for the test -->

                <a href="javascript:toggleElement('exception-4', 'block')"
                   title="Click to expand/collapse">
                    <b>org.openqa.selenium.StaleElementReferenceException: The element with the reference 01e8775f-df0f-443e-a642-209232772d02 is stale; either its node document is not the active document, or it is no longer connected to the DOM<br/>
For documentation on this error, please visit: https://selenium.dev/exceptions/#stale_element_reference<br/>
Build info: version: &apos;4.9.0&apos;, revision: &apos;d7057100a6&apos;<br/>
System info: os.name: &apos;Windows 11&apos;, os.arch: &apos;amd64&apos;, os.version: &apos;10.0&apos;, java.version: &apos;17.0.7&apos;<br/>
Driver info: org.openqa.selenium.firefox.FirefoxDriver<br/>
Command: [562ab24e-5912-474f-93f5-6e25281910f5, isElementDisplayed {id=01e8775f-df0f-443e-a642-209232772d02}]<br/>
Capabilities {acceptInsecureCerts: true, browserName: firefox, browserVersion: 118.0.2, moz:accessibilityChecks: false, moz:buildID: 20231009140911, moz:debuggerAddress: 127.0.0.1:33080, moz:geckodriverVersion: 0.33.0, moz:headless: false, moz:platformVersion: 10.0, moz:processID: 39168, moz:profile: C:\Users\ARRUMI~1\AppData\L..., moz:shutdownTimeout: 60000, moz:webdriverClick: true, moz:windowless: false, pageLoadStrategy: normal, platformName: WINDOWS, proxy: Proxy(), se:cdp: ws://127.0.0.1:33080/devtoo..., se:cdpVersion: 85.0, setWindowRect: true, strictFileInteractability: false, timeouts: {implicit: 0, pageLoad: 300000, script: 30000}, unhandledPromptBehavior: dismiss and notify}<br/>
Element: [[FirefoxDriver: firefox on WINDOWS (562ab24e-5912-474f-93f5-6e25281910f5)] -&gt; xpath: //div[@data-testid=&apos;btnShowFilter&apos;]]<br/>
Session ID: 562ab24e-5912-474f-93f5-6e25281910f5</b>
                </a>
                <br/>
                <div class="stackTrace" id="exception-4">
                        java.base/jdk.internal.reflect.NativeConstructorAccessorImpl.newInstance0(Native Method)<br/>
                        java.base/jdk.internal.reflect.NativeConstructorAccessorImpl.newInstance(NativeConstructorAccessorImpl.java:77)<br/>
                        java.base/jdk.internal.reflect.DelegatingConstructorAccessorImpl.newInstance(DelegatingConstructorAccessorImpl.java:45)<br/>
                        java.base/java.lang.reflect.Constructor.newInstanceWithCaller(Constructor.java:499)<br/>
                        java.base/java.lang.reflect.Constructor.newInstance(Constructor.java:480)<br/>
                        org.openqa.selenium.remote.codec.w3c.W3CHttpResponseCodec.createException(W3CHttpResponseCodec.java:200)<br/>
                        org.openqa.selenium.remote.codec.w3c.W3CHttpResponseCodec.decode(W3CHttpResponseCodec.java:133)<br/>
                        org.openqa.selenium.remote.codec.w3c.W3CHttpResponseCodec.decode(W3CHttpResponseCodec.java:53)<br/>
                        org.openqa.selenium.remote.HttpCommandExecutor.execute(HttpCommandExecutor.java:193)<br/>
                        org.openqa.selenium.remote.service.DriverCommandExecutor.invokeExecute(DriverCommandExecutor.java:183)<br/>
                        org.openqa.selenium.remote.service.DriverCommandExecutor.execute(DriverCommandExecutor.java:158)<br/>
                        org.openqa.selenium.remote.RemoteWebDriver.execute(RemoteWebDriver.java:543)<br/>
                        org.openqa.selenium.remote.RemoteWebElement.execute(RemoteWebElement.java:257)<br/>
                        org.openqa.selenium.remote.RemoteWebElement.isDisplayed(RemoteWebElement.java:313)<br/>
                        jdk.internal.reflect.GeneratedMethodAccessor6.invoke(Unknown Source)<br/>
                        java.base/jdk.internal.reflect.DelegatingMethodAccessorImpl.invoke(DelegatingMethodAccessorImpl.java:43)<br/>
                        java.base/java.lang.reflect.Method.invoke(Method.java:568)<br/>
                        org.openqa.selenium.support.pagefactory.internal.LocatingElementHandler.invoke(LocatingElementHandler.java:52)<br/>
                        jdk.proxy2/jdk.proxy2.$Proxy19.isDisplayed(Unknown Source)<br/>
                        org.openqa.selenium.support.ui.ExpectedConditions.elementIfVisible(ExpectedConditions.java:307)<br/>
                        org.openqa.selenium.support.ui.ExpectedConditions.access$000(ExpectedConditions.java:40)<br/>
                        org.openqa.selenium.support.ui.ExpectedConditions$10.apply(ExpectedConditions.java:293)<br/>
                        org.openqa.selenium.support.ui.ExpectedConditions$10.apply(ExpectedConditions.java:290)<br/>
                        org.openqa.selenium.support.ui.ExpectedConditions$23.apply(ExpectedConditions.java:660)<br/>
                        org.openqa.selenium.support.ui.ExpectedConditions$23.apply(ExpectedConditions.java:656)<br/>
                        org.openqa.selenium.support.ui.FluentWait.until(FluentWait.java:208)<br/>
                        page.BasePage.waitForClickable(BasePage.java:59)<br/>
                        page.BasePage.doClick(BasePage.java:24)<br/>
                        page.rawatjalan.ListRJPage.clickPencarian(ListRJPage.java:153)<br/>
                        test.rawatjalan.FilterRJTest.verifyFilterParticipantNameNegListRJ(FilterRJTest.java:189)<br/>
                        java.base/jdk.internal.reflect.NativeMethodAccessorImpl.invoke0(Native Method)<br/>
                        java.base/jdk.internal.reflect.NativeMethodAccessorImpl.invoke(NativeMethodAccessorImpl.java:77)<br/>
                        java.base/jdk.internal.reflect.DelegatingMethodAccessorImpl.invoke(DelegatingMethodAccessorImpl.java:43)<br/>
                        java.base/java.lang.reflect.Method.invoke(Method.java:568)<br/>
                        org.testng.internal.MethodInvocationHelper.invokeMethod(MethodInvocationHelper.java:124)<br/>
                        org.testng.internal.Invoker.invokeMethod(Invoker.java:583)<br/>
                        org.testng.internal.Invoker.invokeTestMethod(Invoker.java:719)<br/>
                        org.testng.internal.Invoker.invokeTestMethods(Invoker.java:989)<br/>
                        org.testng.internal.TestMethodWorker.invokeTestMethods(TestMethodWorker.java:125)<br/>
                        org.testng.internal.TestMethodWorker.run(TestMethodWorker.java:109)<br/>
                        java.base/java.util.concurrent.ThreadPoolExecutor.runWorker(ThreadPoolExecutor.java:1136)<br/>
                        java.base/java.util.concurrent.ThreadPoolExecutor$Worker.run(ThreadPoolExecutor.java:635)<br/>
                        java.base/java.lang.Thread.run(Thread.java:833)<br/>
                </div>
        </td>
    </tr>
    <tr>
        <td class="method">
                verifyFilterRegDateListRJ
        </td>
        <td class="duration">
            6.836s
        </td>
        <td class="result">
            <!-- Display the dependencies for skipped test methods -->


            <!-- Show logger output for the test -->

                <a href="javascript:toggleElement('exception-5', 'block')"
                   title="Click to expand/collapse">
                    <b>org.openqa.selenium.StaleElementReferenceException: The element with the reference e2024259-c1b4-43f4-a41f-e137bb00c6b0 is stale; either its node document is not the active document, or it is no longer connected to the DOM<br/>
For documentation on this error, please visit: https://selenium.dev/exceptions/#stale_element_reference<br/>
Build info: version: &apos;4.9.0&apos;, revision: &apos;d7057100a6&apos;<br/>
System info: os.name: &apos;Windows 11&apos;, os.arch: &apos;amd64&apos;, os.version: &apos;10.0&apos;, java.version: &apos;17.0.7&apos;<br/>
Driver info: org.openqa.selenium.firefox.FirefoxDriver<br/>
Command: [101dc480-4d0d-4d61-ba9f-b56aba77ea30, isElementDisplayed {id=e2024259-c1b4-43f4-a41f-e137bb00c6b0}]<br/>
Capabilities {acceptInsecureCerts: true, browserName: firefox, browserVersion: 118.0.2, moz:accessibilityChecks: false, moz:buildID: 20231009140911, moz:debuggerAddress: 127.0.0.1:20085, moz:geckodriverVersion: 0.33.0, moz:headless: false, moz:platformVersion: 10.0, moz:processID: 53428, moz:profile: C:\Users\ARRUMI~1\AppData\L..., moz:shutdownTimeout: 60000, moz:webdriverClick: true, moz:windowless: false, pageLoadStrategy: normal, platformName: WINDOWS, proxy: Proxy(), se:cdp: ws://127.0.0.1:20085/devtoo..., se:cdpVersion: 85.0, setWindowRect: true, strictFileInteractability: false, timeouts: {implicit: 0, pageLoad: 300000, script: 30000}, unhandledPromptBehavior: dismiss and notify}<br/>
Element: [[FirefoxDriver: firefox on WINDOWS (101dc480-4d0d-4d61-ba9f-b56aba77ea30)] -&gt; xpath: //div[@data-testid=&apos;btnShowFilter&apos;]]<br/>
Session ID: 101dc480-4d0d-4d61-ba9f-b56aba77ea30</b>
                </a>
                <br/>
                <div class="stackTrace" id="exception-5">
                        java.base/jdk.internal.reflect.NativeConstructorAccessorImpl.newInstance0(Native Method)<br/>
                        java.base/jdk.internal.reflect.NativeConstructorAccessorImpl.newInstance(NativeConstructorAccessorImpl.java:77)<br/>
                        java.base/jdk.internal.reflect.DelegatingConstructorAccessorImpl.newInstance(DelegatingConstructorAccessorImpl.java:45)<br/>
                        java.base/java.lang.reflect.Constructor.newInstanceWithCaller(Constructor.java:499)<br/>
                        java.base/java.lang.reflect.Constructor.newInstance(Constructor.java:480)<br/>
                        org.openqa.selenium.remote.codec.w3c.W3CHttpResponseCodec.createException(W3CHttpResponseCodec.java:200)<br/>
                        org.openqa.selenium.remote.codec.w3c.W3CHttpResponseCodec.decode(W3CHttpResponseCodec.java:133)<br/>
                        org.openqa.selenium.remote.codec.w3c.W3CHttpResponseCodec.decode(W3CHttpResponseCodec.java:53)<br/>
                        org.openqa.selenium.remote.HttpCommandExecutor.execute(HttpCommandExecutor.java:193)<br/>
                        org.openqa.selenium.remote.service.DriverCommandExecutor.invokeExecute(DriverCommandExecutor.java:183)<br/>
                        org.openqa.selenium.remote.service.DriverCommandExecutor.execute(DriverCommandExecutor.java:158)<br/>
                        org.openqa.selenium.remote.RemoteWebDriver.execute(RemoteWebDriver.java:543)<br/>
                        org.openqa.selenium.remote.RemoteWebElement.execute(RemoteWebElement.java:257)<br/>
                        org.openqa.selenium.remote.RemoteWebElement.isDisplayed(RemoteWebElement.java:313)<br/>
                        jdk.internal.reflect.GeneratedMethodAccessor6.invoke(Unknown Source)<br/>
                        java.base/jdk.internal.reflect.DelegatingMethodAccessorImpl.invoke(DelegatingMethodAccessorImpl.java:43)<br/>
                        java.base/java.lang.reflect.Method.invoke(Method.java:568)<br/>
                        org.openqa.selenium.support.pagefactory.internal.LocatingElementHandler.invoke(LocatingElementHandler.java:52)<br/>
                        jdk.proxy2/jdk.proxy2.$Proxy19.isDisplayed(Unknown Source)<br/>
                        org.openqa.selenium.support.ui.ExpectedConditions.elementIfVisible(ExpectedConditions.java:307)<br/>
                        org.openqa.selenium.support.ui.ExpectedConditions.access$000(ExpectedConditions.java:40)<br/>
                        org.openqa.selenium.support.ui.ExpectedConditions$10.apply(ExpectedConditions.java:293)<br/>
                        org.openqa.selenium.support.ui.ExpectedConditions$10.apply(ExpectedConditions.java:290)<br/>
                        org.openqa.selenium.support.ui.ExpectedConditions$23.apply(ExpectedConditions.java:660)<br/>
                        org.openqa.selenium.support.ui.ExpectedConditions$23.apply(ExpectedConditions.java:656)<br/>
                        org.openqa.selenium.support.ui.FluentWait.until(FluentWait.java:208)<br/>
                        page.BasePage.waitForClickable(BasePage.java:59)<br/>
                        page.BasePage.doClick(BasePage.java:24)<br/>
                        page.rawatjalan.ListRJPage.clickPencarian(ListRJPage.java:153)<br/>
                        test.rawatjalan.FilterRJTest.verifyFilterRegDateListRJ(FilterRJTest.java:66)<br/>
                        java.base/jdk.internal.reflect.NativeMethodAccessorImpl.invoke0(Native Method)<br/>
                        java.base/jdk.internal.reflect.NativeMethodAccessorImpl.invoke(NativeMethodAccessorImpl.java:77)<br/>
                        java.base/jdk.internal.reflect.DelegatingMethodAccessorImpl.invoke(DelegatingMethodAccessorImpl.java:43)<br/>
                        java.base/java.lang.reflect.Method.invoke(Method.java:568)<br/>
                        org.testng.internal.MethodInvocationHelper.invokeMethod(MethodInvocationHelper.java:124)<br/>
                        org.testng.internal.Invoker.invokeMethod(Invoker.java:583)<br/>
                        org.testng.internal.Invoker.invokeTestMethod(Invoker.java:719)<br/>
                        org.testng.internal.Invoker.invokeTestMethods(Invoker.java:989)<br/>
                        org.testng.internal.TestMethodWorker.invokeTestMethods(TestMethodWorker.java:125)<br/>
                        org.testng.internal.TestMethodWorker.run(TestMethodWorker.java:109)<br/>
                        java.base/java.util.concurrent.ThreadPoolExecutor.runWorker(ThreadPoolExecutor.java:1136)<br/>
                        java.base/java.util.concurrent.ThreadPoolExecutor$Worker.run(ThreadPoolExecutor.java:635)<br/>
                        java.base/java.lang.Thread.run(Thread.java:833)<br/>
                </div>
        </td>
    </tr>
    <tr>
        <td class="method">
                verifyFilterRegDateNegListRJ
        </td>
        <td class="duration">
            6.300s
        </td>
        <td class="result">
            <!-- Display the dependencies for skipped test methods -->


            <!-- Show logger output for the test -->

                <a href="javascript:toggleElement('exception-6', 'block')"
                   title="Click to expand/collapse">
                    <b>org.openqa.selenium.StaleElementReferenceException: The element with the reference 752403f0-a665-4cec-9392-020016d0af54 is stale; either its node document is not the active document, or it is no longer connected to the DOM<br/>
For documentation on this error, please visit: https://selenium.dev/exceptions/#stale_element_reference<br/>
Build info: version: &apos;4.9.0&apos;, revision: &apos;d7057100a6&apos;<br/>
System info: os.name: &apos;Windows 11&apos;, os.arch: &apos;amd64&apos;, os.version: &apos;10.0&apos;, java.version: &apos;17.0.7&apos;<br/>
Driver info: org.openqa.selenium.firefox.FirefoxDriver<br/>
Command: [66bee84e-9459-4735-b35d-4a5dea529781, isElementDisplayed {id=752403f0-a665-4cec-9392-020016d0af54}]<br/>
Capabilities {acceptInsecureCerts: true, browserName: firefox, browserVersion: 118.0.2, moz:accessibilityChecks: false, moz:buildID: 20231009140911, moz:debuggerAddress: 127.0.0.1:23762, moz:geckodriverVersion: 0.33.0, moz:headless: false, moz:platformVersion: 10.0, moz:processID: 54008, moz:profile: C:\Users\ARRUMI~1\AppData\L..., moz:shutdownTimeout: 60000, moz:webdriverClick: true, moz:windowless: false, pageLoadStrategy: normal, platformName: WINDOWS, proxy: Proxy(), se:cdp: ws://127.0.0.1:23762/devtoo..., se:cdpVersion: 85.0, setWindowRect: true, strictFileInteractability: false, timeouts: {implicit: 0, pageLoad: 300000, script: 30000}, unhandledPromptBehavior: dismiss and notify}<br/>
Element: [[FirefoxDriver: firefox on WINDOWS (66bee84e-9459-4735-b35d-4a5dea529781)] -&gt; xpath: //div[@data-testid=&apos;btnShowFilter&apos;]]<br/>
Session ID: 66bee84e-9459-4735-b35d-4a5dea529781</b>
                </a>
                <br/>
                <div class="stackTrace" id="exception-6">
                        java.base/jdk.internal.reflect.NativeConstructorAccessorImpl.newInstance0(Native Method)<br/>
                        java.base/jdk.internal.reflect.NativeConstructorAccessorImpl.newInstance(NativeConstructorAccessorImpl.java:77)<br/>
                        java.base/jdk.internal.reflect.DelegatingConstructorAccessorImpl.newInstance(DelegatingConstructorAccessorImpl.java:45)<br/>
                        java.base/java.lang.reflect.Constructor.newInstanceWithCaller(Constructor.java:499)<br/>
                        java.base/java.lang.reflect.Constructor.newInstance(Constructor.java:480)<br/>
                        org.openqa.selenium.remote.codec.w3c.W3CHttpResponseCodec.createException(W3CHttpResponseCodec.java:200)<br/>
                        org.openqa.selenium.remote.codec.w3c.W3CHttpResponseCodec.decode(W3CHttpResponseCodec.java:133)<br/>
                        org.openqa.selenium.remote.codec.w3c.W3CHttpResponseCodec.decode(W3CHttpResponseCodec.java:53)<br/>
                        org.openqa.selenium.remote.HttpCommandExecutor.execute(HttpCommandExecutor.java:193)<br/>
                        org.openqa.selenium.remote.service.DriverCommandExecutor.invokeExecute(DriverCommandExecutor.java:183)<br/>
                        org.openqa.selenium.remote.service.DriverCommandExecutor.execute(DriverCommandExecutor.java:158)<br/>
                        org.openqa.selenium.remote.RemoteWebDriver.execute(RemoteWebDriver.java:543)<br/>
                        org.openqa.selenium.remote.RemoteWebElement.execute(RemoteWebElement.java:257)<br/>
                        org.openqa.selenium.remote.RemoteWebElement.isDisplayed(RemoteWebElement.java:313)<br/>
                        jdk.internal.reflect.GeneratedMethodAccessor6.invoke(Unknown Source)<br/>
                        java.base/jdk.internal.reflect.DelegatingMethodAccessorImpl.invoke(DelegatingMethodAccessorImpl.java:43)<br/>
                        java.base/java.lang.reflect.Method.invoke(Method.java:568)<br/>
                        org.openqa.selenium.support.pagefactory.internal.LocatingElementHandler.invoke(LocatingElementHandler.java:52)<br/>
                        jdk.proxy2/jdk.proxy2.$Proxy19.isDisplayed(Unknown Source)<br/>
                        org.openqa.selenium.support.ui.ExpectedConditions.elementIfVisible(ExpectedConditions.java:307)<br/>
                        org.openqa.selenium.support.ui.ExpectedConditions.access$000(ExpectedConditions.java:40)<br/>
                        org.openqa.selenium.support.ui.ExpectedConditions$10.apply(ExpectedConditions.java:293)<br/>
                        org.openqa.selenium.support.ui.ExpectedConditions$10.apply(ExpectedConditions.java:290)<br/>
                        org.openqa.selenium.support.ui.ExpectedConditions$23.apply(ExpectedConditions.java:660)<br/>
                        org.openqa.selenium.support.ui.ExpectedConditions$23.apply(ExpectedConditions.java:656)<br/>
                        org.openqa.selenium.support.ui.FluentWait.until(FluentWait.java:208)<br/>
                        page.BasePage.waitForClickable(BasePage.java:59)<br/>
                        page.BasePage.doClick(BasePage.java:24)<br/>
                        page.rawatjalan.ListRJPage.clickPencarian(ListRJPage.java:153)<br/>
                        test.rawatjalan.FilterRJTest.verifyFilterRegDateNegListRJ(FilterRJTest.java:84)<br/>
                        java.base/jdk.internal.reflect.NativeMethodAccessorImpl.invoke0(Native Method)<br/>
                        java.base/jdk.internal.reflect.NativeMethodAccessorImpl.invoke(NativeMethodAccessorImpl.java:77)<br/>
                        java.base/jdk.internal.reflect.DelegatingMethodAccessorImpl.invoke(DelegatingMethodAccessorImpl.java:43)<br/>
                        java.base/java.lang.reflect.Method.invoke(Method.java:568)<br/>
                        org.testng.internal.MethodInvocationHelper.invokeMethod(MethodInvocationHelper.java:124)<br/>
                        org.testng.internal.Invoker.invokeMethod(Invoker.java:583)<br/>
                        org.testng.internal.Invoker.invokeTestMethod(Invoker.java:719)<br/>
                        org.testng.internal.Invoker.invokeTestMethods(Invoker.java:989)<br/>
                        org.testng.internal.TestMethodWorker.invokeTestMethods(TestMethodWorker.java:125)<br/>
                        org.testng.internal.TestMethodWorker.run(TestMethodWorker.java:109)<br/>
                        java.base/java.util.concurrent.ThreadPoolExecutor.runWorker(ThreadPoolExecutor.java:1136)<br/>
                        java.base/java.util.concurrent.ThreadPoolExecutor$Worker.run(ThreadPoolExecutor.java:635)<br/>
                        java.base/java.lang.Thread.run(Thread.java:833)<br/>
                </div>
        </td>
    </tr>
    <tr>
        <td class="method">
                verifyFilterStatusListRJ
        </td>
        <td class="duration">
            6.864s
        </td>
        <td class="result">
            <!-- Display the dependencies for skipped test methods -->


            <!-- Show logger output for the test -->

                <a href="javascript:toggleElement('exception-7', 'block')"
                   title="Click to expand/collapse">
                    <b>org.openqa.selenium.StaleElementReferenceException: The element with the reference efff0f0f-98df-4172-a561-6fc68788a7af is stale; either its node document is not the active document, or it is no longer connected to the DOM<br/>
For documentation on this error, please visit: https://selenium.dev/exceptions/#stale_element_reference<br/>
Build info: version: &apos;4.9.0&apos;, revision: &apos;d7057100a6&apos;<br/>
System info: os.name: &apos;Windows 11&apos;, os.arch: &apos;amd64&apos;, os.version: &apos;10.0&apos;, java.version: &apos;17.0.7&apos;<br/>
Driver info: org.openqa.selenium.firefox.FirefoxDriver<br/>
Command: [3a53172b-38a6-49a1-9e0f-258e5e2ad3bc, isElementDisplayed {id=efff0f0f-98df-4172-a561-6fc68788a7af}]<br/>
Capabilities {acceptInsecureCerts: true, browserName: firefox, browserVersion: 118.0.2, moz:accessibilityChecks: false, moz:buildID: 20231009140911, moz:debuggerAddress: 127.0.0.1:9621, moz:geckodriverVersion: 0.33.0, moz:headless: false, moz:platformVersion: 10.0, moz:processID: 5760, moz:profile: C:\Users\ARRUMI~1\AppData\L..., moz:shutdownTimeout: 60000, moz:webdriverClick: true, moz:windowless: false, pageLoadStrategy: normal, platformName: WINDOWS, proxy: Proxy(), se:cdp: ws://127.0.0.1:9621/devtool..., se:cdpVersion: 85.0, setWindowRect: true, strictFileInteractability: false, timeouts: {implicit: 0, pageLoad: 300000, script: 30000}, unhandledPromptBehavior: dismiss and notify}<br/>
Element: [[FirefoxDriver: firefox on WINDOWS (3a53172b-38a6-49a1-9e0f-258e5e2ad3bc)] -&gt; xpath: //div[@data-testid=&apos;btnShowFilter&apos;]]<br/>
Session ID: 3a53172b-38a6-49a1-9e0f-258e5e2ad3bc</b>
                </a>
                <br/>
                <div class="stackTrace" id="exception-7">
                        jdk.internal.reflect.GeneratedConstructorAccessor44.newInstance(Unknown Source)<br/>
                        java.base/jdk.internal.reflect.DelegatingConstructorAccessorImpl.newInstance(DelegatingConstructorAccessorImpl.java:45)<br/>
                        java.base/java.lang.reflect.Constructor.newInstanceWithCaller(Constructor.java:499)<br/>
                        java.base/java.lang.reflect.Constructor.newInstance(Constructor.java:480)<br/>
                        org.openqa.selenium.remote.codec.w3c.W3CHttpResponseCodec.createException(W3CHttpResponseCodec.java:200)<br/>
                        org.openqa.selenium.remote.codec.w3c.W3CHttpResponseCodec.decode(W3CHttpResponseCodec.java:133)<br/>
                        org.openqa.selenium.remote.codec.w3c.W3CHttpResponseCodec.decode(W3CHttpResponseCodec.java:53)<br/>
                        org.openqa.selenium.remote.HttpCommandExecutor.execute(HttpCommandExecutor.java:193)<br/>
                        org.openqa.selenium.remote.service.DriverCommandExecutor.invokeExecute(DriverCommandExecutor.java:183)<br/>
                        org.openqa.selenium.remote.service.DriverCommandExecutor.execute(DriverCommandExecutor.java:158)<br/>
                        org.openqa.selenium.remote.RemoteWebDriver.execute(RemoteWebDriver.java:543)<br/>
                        org.openqa.selenium.remote.RemoteWebElement.execute(RemoteWebElement.java:257)<br/>
                        org.openqa.selenium.remote.RemoteWebElement.isDisplayed(RemoteWebElement.java:313)<br/>
                        jdk.internal.reflect.GeneratedMethodAccessor6.invoke(Unknown Source)<br/>
                        java.base/jdk.internal.reflect.DelegatingMethodAccessorImpl.invoke(DelegatingMethodAccessorImpl.java:43)<br/>
                        java.base/java.lang.reflect.Method.invoke(Method.java:568)<br/>
                        org.openqa.selenium.support.pagefactory.internal.LocatingElementHandler.invoke(LocatingElementHandler.java:52)<br/>
                        jdk.proxy2/jdk.proxy2.$Proxy19.isDisplayed(Unknown Source)<br/>
                        org.openqa.selenium.support.ui.ExpectedConditions.elementIfVisible(ExpectedConditions.java:307)<br/>
                        org.openqa.selenium.support.ui.ExpectedConditions.access$000(ExpectedConditions.java:40)<br/>
                        org.openqa.selenium.support.ui.ExpectedConditions$10.apply(ExpectedConditions.java:293)<br/>
                        org.openqa.selenium.support.ui.ExpectedConditions$10.apply(ExpectedConditions.java:290)<br/>
                        org.openqa.selenium.support.ui.ExpectedConditions$23.apply(ExpectedConditions.java:660)<br/>
                        org.openqa.selenium.support.ui.ExpectedConditions$23.apply(ExpectedConditions.java:656)<br/>
                        org.openqa.selenium.support.ui.FluentWait.until(FluentWait.java:208)<br/>
                        page.BasePage.waitForClickable(BasePage.java:59)<br/>
                        page.BasePage.doClick(BasePage.java:24)<br/>
                        page.rawatjalan.ListRJPage.clickPencarian(ListRJPage.java:153)<br/>
                        test.rawatjalan.FilterRJTest.verifyFilterStatusListRJ(FilterRJTest.java:223)<br/>
                        java.base/jdk.internal.reflect.NativeMethodAccessorImpl.invoke0(Native Method)<br/>
                        java.base/jdk.internal.reflect.NativeMethodAccessorImpl.invoke(NativeMethodAccessorImpl.java:77)<br/>
                        java.base/jdk.internal.reflect.DelegatingMethodAccessorImpl.invoke(DelegatingMethodAccessorImpl.java:43)<br/>
                        java.base/java.lang.reflect.Method.invoke(Method.java:568)<br/>
                        org.testng.internal.MethodInvocationHelper.invokeMethod(MethodInvocationHelper.java:124)<br/>
                        org.testng.internal.Invoker.invokeMethod(Invoker.java:583)<br/>
                        org.testng.internal.Invoker.invokeTestMethod(Invoker.java:719)<br/>
                        org.testng.internal.Invoker.invokeTestMethods(Invoker.java:989)<br/>
                        org.testng.internal.TestMethodWorker.invokeTestMethods(TestMethodWorker.java:125)<br/>
                        org.testng.internal.TestMethodWorker.run(TestMethodWorker.java:109)<br/>
                        java.base/java.util.concurrent.ThreadPoolExecutor.runWorker(ThreadPoolExecutor.java:1136)<br/>
                        java.base/java.util.concurrent.ThreadPoolExecutor$Worker.run(ThreadPoolExecutor.java:635)<br/>
                        java.base/java.lang.Thread.run(Thread.java:833)<br/>
                </div>
        </td>
    </tr>
    <tr>
        <td class="method">
                verifyFilterTransNoListRJ
        </td>
        <td class="duration">
            6.990s
        </td>
        <td class="result">
            <!-- Display the dependencies for skipped test methods -->


            <!-- Show logger output for the test -->

                <a href="javascript:toggleElement('exception-8', 'block')"
                   title="Click to expand/collapse">
                    <b>org.openqa.selenium.StaleElementReferenceException: The element with the reference b676ca3c-2da6-486f-abb6-536cafb82adf is stale; either its node document is not the active document, or it is no longer connected to the DOM<br/>
For documentation on this error, please visit: https://selenium.dev/exceptions/#stale_element_reference<br/>
Build info: version: &apos;4.9.0&apos;, revision: &apos;d7057100a6&apos;<br/>
System info: os.name: &apos;Windows 11&apos;, os.arch: &apos;amd64&apos;, os.version: &apos;10.0&apos;, java.version: &apos;17.0.7&apos;<br/>
Driver info: org.openqa.selenium.firefox.FirefoxDriver<br/>
Command: [14070287-ee83-4f0d-b29f-19bcc5d8b486, isElementDisplayed {id=b676ca3c-2da6-486f-abb6-536cafb82adf}]<br/>
Capabilities {acceptInsecureCerts: true, browserName: firefox, browserVersion: 118.0.2, moz:accessibilityChecks: false, moz:buildID: 20231009140911, moz:debuggerAddress: 127.0.0.1:23536, moz:geckodriverVersion: 0.33.0, moz:headless: false, moz:platformVersion: 10.0, moz:processID: 65416, moz:profile: C:\Users\ARRUMI~1\AppData\L..., moz:shutdownTimeout: 60000, moz:webdriverClick: true, moz:windowless: false, pageLoadStrategy: normal, platformName: WINDOWS, proxy: Proxy(), se:cdp: ws://127.0.0.1:23536/devtoo..., se:cdpVersion: 85.0, setWindowRect: true, strictFileInteractability: false, timeouts: {implicit: 0, pageLoad: 300000, script: 30000}, unhandledPromptBehavior: dismiss and notify}<br/>
Element: [[FirefoxDriver: firefox on WINDOWS (14070287-ee83-4f0d-b29f-19bcc5d8b486)] -&gt; xpath: //div[@data-testid=&apos;btnShowFilter&apos;]]<br/>
Session ID: 14070287-ee83-4f0d-b29f-19bcc5d8b486</b>
                </a>
                <br/>
                <div class="stackTrace" id="exception-8">
                        java.base/jdk.internal.reflect.NativeConstructorAccessorImpl.newInstance0(Native Method)<br/>
                        java.base/jdk.internal.reflect.NativeConstructorAccessorImpl.newInstance(NativeConstructorAccessorImpl.java:77)<br/>
                        java.base/jdk.internal.reflect.DelegatingConstructorAccessorImpl.newInstance(DelegatingConstructorAccessorImpl.java:45)<br/>
                        java.base/java.lang.reflect.Constructor.newInstanceWithCaller(Constructor.java:499)<br/>
                        java.base/java.lang.reflect.Constructor.newInstance(Constructor.java:480)<br/>
                        org.openqa.selenium.remote.codec.w3c.W3CHttpResponseCodec.createException(W3CHttpResponseCodec.java:200)<br/>
                        org.openqa.selenium.remote.codec.w3c.W3CHttpResponseCodec.decode(W3CHttpResponseCodec.java:133)<br/>
                        org.openqa.selenium.remote.codec.w3c.W3CHttpResponseCodec.decode(W3CHttpResponseCodec.java:53)<br/>
                        org.openqa.selenium.remote.HttpCommandExecutor.execute(HttpCommandExecutor.java:193)<br/>
                        org.openqa.selenium.remote.service.DriverCommandExecutor.invokeExecute(DriverCommandExecutor.java:183)<br/>
                        org.openqa.selenium.remote.service.DriverCommandExecutor.execute(DriverCommandExecutor.java:158)<br/>
                        org.openqa.selenium.remote.RemoteWebDriver.execute(RemoteWebDriver.java:543)<br/>
                        org.openqa.selenium.remote.RemoteWebElement.execute(RemoteWebElement.java:257)<br/>
                        org.openqa.selenium.remote.RemoteWebElement.isDisplayed(RemoteWebElement.java:313)<br/>
                        jdk.internal.reflect.GeneratedMethodAccessor6.invoke(Unknown Source)<br/>
                        java.base/jdk.internal.reflect.DelegatingMethodAccessorImpl.invoke(DelegatingMethodAccessorImpl.java:43)<br/>
                        java.base/java.lang.reflect.Method.invoke(Method.java:568)<br/>
                        org.openqa.selenium.support.pagefactory.internal.LocatingElementHandler.invoke(LocatingElementHandler.java:52)<br/>
                        jdk.proxy2/jdk.proxy2.$Proxy19.isDisplayed(Unknown Source)<br/>
                        org.openqa.selenium.support.ui.ExpectedConditions.elementIfVisible(ExpectedConditions.java:307)<br/>
                        org.openqa.selenium.support.ui.ExpectedConditions.access$000(ExpectedConditions.java:40)<br/>
                        org.openqa.selenium.support.ui.ExpectedConditions$10.apply(ExpectedConditions.java:293)<br/>
                        org.openqa.selenium.support.ui.ExpectedConditions$10.apply(ExpectedConditions.java:290)<br/>
                        org.openqa.selenium.support.ui.ExpectedConditions$23.apply(ExpectedConditions.java:660)<br/>
                        org.openqa.selenium.support.ui.ExpectedConditions$23.apply(ExpectedConditions.java:656)<br/>
                        org.openqa.selenium.support.ui.FluentWait.until(FluentWait.java:208)<br/>
                        page.BasePage.waitForClickable(BasePage.java:59)<br/>
                        page.BasePage.doClick(BasePage.java:24)<br/>
                        page.rawatjalan.ListRJPage.clickPencarian(ListRJPage.java:153)<br/>
                        test.rawatjalan.FilterRJTest.verifyFilterTransNoListRJ(FilterRJTest.java:100)<br/>
                        java.base/jdk.internal.reflect.NativeMethodAccessorImpl.invoke0(Native Method)<br/>
                        java.base/jdk.internal.reflect.NativeMethodAccessorImpl.invoke(NativeMethodAccessorImpl.java:77)<br/>
                        java.base/jdk.internal.reflect.DelegatingMethodAccessorImpl.invoke(DelegatingMethodAccessorImpl.java:43)<br/>
                        java.base/java.lang.reflect.Method.invoke(Method.java:568)<br/>
                        org.testng.internal.MethodInvocationHelper.invokeMethod(MethodInvocationHelper.java:124)<br/>
                        org.testng.internal.Invoker.invokeMethod(Invoker.java:583)<br/>
                        org.testng.internal.Invoker.invokeTestMethod(Invoker.java:719)<br/>
                        org.testng.internal.Invoker.invokeTestMethods(Invoker.java:989)<br/>
                        org.testng.internal.TestMethodWorker.invokeTestMethods(TestMethodWorker.java:125)<br/>
                        org.testng.internal.TestMethodWorker.run(TestMethodWorker.java:109)<br/>
                        java.base/java.util.concurrent.ThreadPoolExecutor.runWorker(ThreadPoolExecutor.java:1136)<br/>
                        java.base/java.util.concurrent.ThreadPoolExecutor$Worker.run(ThreadPoolExecutor.java:635)<br/>
                        java.base/java.lang.Thread.run(Thread.java:833)<br/>
                </div>
        </td>
    </tr>
    <tr>
        <td class="method">
                verifyFilterTransNoNegListRJ
        </td>
        <td class="duration">
            7.508s
        </td>
        <td class="result">
            <!-- Display the dependencies for skipped test methods -->


            <!-- Show logger output for the test -->

                <a href="javascript:toggleElement('exception-9', 'block')"
                   title="Click to expand/collapse">
                    <b>org.openqa.selenium.StaleElementReferenceException: The element with the reference c912b428-3241-4aad-b162-a31b31211662 is stale; either its node document is not the active document, or it is no longer connected to the DOM<br/>
For documentation on this error, please visit: https://selenium.dev/exceptions/#stale_element_reference<br/>
Build info: version: &apos;4.9.0&apos;, revision: &apos;d7057100a6&apos;<br/>
System info: os.name: &apos;Windows 11&apos;, os.arch: &apos;amd64&apos;, os.version: &apos;10.0&apos;, java.version: &apos;17.0.7&apos;<br/>
Driver info: org.openqa.selenium.firefox.FirefoxDriver<br/>
Command: [c0f92620-e3fe-4c03-aa0c-d2d0fb471ff9, isElementDisplayed {id=c912b428-3241-4aad-b162-a31b31211662}]<br/>
Capabilities {acceptInsecureCerts: true, browserName: firefox, browserVersion: 118.0.2, moz:accessibilityChecks: false, moz:buildID: 20231009140911, moz:debuggerAddress: 127.0.0.1:19424, moz:geckodriverVersion: 0.33.0, moz:headless: false, moz:platformVersion: 10.0, moz:processID: 75528, moz:profile: C:\Users\ARRUMI~1\AppData\L..., moz:shutdownTimeout: 60000, moz:webdriverClick: true, moz:windowless: false, pageLoadStrategy: normal, platformName: WINDOWS, proxy: Proxy(), se:cdp: ws://127.0.0.1:19424/devtoo..., se:cdpVersion: 85.0, setWindowRect: true, strictFileInteractability: false, timeouts: {implicit: 0, pageLoad: 300000, script: 30000}, unhandledPromptBehavior: dismiss and notify}<br/>
Element: [[FirefoxDriver: firefox on WINDOWS (c0f92620-e3fe-4c03-aa0c-d2d0fb471ff9)] -&gt; xpath: //div[@data-testid=&apos;btnShowFilter&apos;]]<br/>
Session ID: c0f92620-e3fe-4c03-aa0c-d2d0fb471ff9</b>
                </a>
                <br/>
                <div class="stackTrace" id="exception-9">
                        java.base/jdk.internal.reflect.NativeConstructorAccessorImpl.newInstance0(Native Method)<br/>
                        java.base/jdk.internal.reflect.NativeConstructorAccessorImpl.newInstance(NativeConstructorAccessorImpl.java:77)<br/>
                        java.base/jdk.internal.reflect.DelegatingConstructorAccessorImpl.newInstance(DelegatingConstructorAccessorImpl.java:45)<br/>
                        java.base/java.lang.reflect.Constructor.newInstanceWithCaller(Constructor.java:499)<br/>
                        java.base/java.lang.reflect.Constructor.newInstance(Constructor.java:480)<br/>
                        org.openqa.selenium.remote.codec.w3c.W3CHttpResponseCodec.createException(W3CHttpResponseCodec.java:200)<br/>
                        org.openqa.selenium.remote.codec.w3c.W3CHttpResponseCodec.decode(W3CHttpResponseCodec.java:133)<br/>
                        org.openqa.selenium.remote.codec.w3c.W3CHttpResponseCodec.decode(W3CHttpResponseCodec.java:53)<br/>
                        org.openqa.selenium.remote.HttpCommandExecutor.execute(HttpCommandExecutor.java:193)<br/>
                        org.openqa.selenium.remote.service.DriverCommandExecutor.invokeExecute(DriverCommandExecutor.java:183)<br/>
                        org.openqa.selenium.remote.service.DriverCommandExecutor.execute(DriverCommandExecutor.java:158)<br/>
                        org.openqa.selenium.remote.RemoteWebDriver.execute(RemoteWebDriver.java:543)<br/>
                        org.openqa.selenium.remote.RemoteWebElement.execute(RemoteWebElement.java:257)<br/>
                        org.openqa.selenium.remote.RemoteWebElement.isDisplayed(RemoteWebElement.java:313)<br/>
                        jdk.internal.reflect.GeneratedMethodAccessor6.invoke(Unknown Source)<br/>
                        java.base/jdk.internal.reflect.DelegatingMethodAccessorImpl.invoke(DelegatingMethodAccessorImpl.java:43)<br/>
                        java.base/java.lang.reflect.Method.invoke(Method.java:568)<br/>
                        org.openqa.selenium.support.pagefactory.internal.LocatingElementHandler.invoke(LocatingElementHandler.java:52)<br/>
                        jdk.proxy2/jdk.proxy2.$Proxy19.isDisplayed(Unknown Source)<br/>
                        org.openqa.selenium.support.ui.ExpectedConditions.elementIfVisible(ExpectedConditions.java:307)<br/>
                        org.openqa.selenium.support.ui.ExpectedConditions.access$000(ExpectedConditions.java:40)<br/>
                        org.openqa.selenium.support.ui.ExpectedConditions$10.apply(ExpectedConditions.java:293)<br/>
                        org.openqa.selenium.support.ui.ExpectedConditions$10.apply(ExpectedConditions.java:290)<br/>
                        org.openqa.selenium.support.ui.ExpectedConditions$23.apply(ExpectedConditions.java:660)<br/>
                        org.openqa.selenium.support.ui.ExpectedConditions$23.apply(ExpectedConditions.java:656)<br/>
                        org.openqa.selenium.support.ui.FluentWait.until(FluentWait.java:208)<br/>
                        page.BasePage.waitForClickable(BasePage.java:59)<br/>
                        page.BasePage.doClick(BasePage.java:24)<br/>
                        page.rawatjalan.ListRJPage.clickPencarian(ListRJPage.java:153)<br/>
                        test.rawatjalan.FilterRJTest.verifyFilterTransNoNegListRJ(FilterRJTest.java:119)<br/>
                        java.base/jdk.internal.reflect.NativeMethodAccessorImpl.invoke0(Native Method)<br/>
                        java.base/jdk.internal.reflect.NativeMethodAccessorImpl.invoke(NativeMethodAccessorImpl.java:77)<br/>
                        java.base/jdk.internal.reflect.DelegatingMethodAccessorImpl.invoke(DelegatingMethodAccessorImpl.java:43)<br/>
                        java.base/java.lang.reflect.Method.invoke(Method.java:568)<br/>
                        org.testng.internal.MethodInvocationHelper.invokeMethod(MethodInvocationHelper.java:124)<br/>
                        org.testng.internal.Invoker.invokeMethod(Invoker.java:583)<br/>
                        org.testng.internal.Invoker.invokeTestMethod(Invoker.java:719)<br/>
                        org.testng.internal.Invoker.invokeTestMethods(Invoker.java:989)<br/>
                        org.testng.internal.TestMethodWorker.invokeTestMethods(TestMethodWorker.java:125)<br/>
                        org.testng.internal.TestMethodWorker.run(TestMethodWorker.java:109)<br/>
                        java.base/java.util.concurrent.ThreadPoolExecutor.runWorker(ThreadPoolExecutor.java:1136)<br/>
                        java.base/java.util.concurrent.ThreadPoolExecutor$Worker.run(ThreadPoolExecutor.java:635)<br/>
                        java.base/java.lang.Thread.run(Thread.java:833)<br/>
                </div>
        </td>
    </tr>
    <tr>
        <td class="method">
                verifyFilterTypeTreatmentListRJ
        </td>
        <td class="duration">
            6.652s
        </td>
        <td class="result">
            <!-- Display the dependencies for skipped test methods -->


            <!-- Show logger output for the test -->

                <a href="javascript:toggleElement('exception-10', 'block')"
                   title="Click to expand/collapse">
                    <b>org.openqa.selenium.StaleElementReferenceException: The element with the reference 43a57ed5-ca49-451e-a504-8125cac26b0d is stale; either its node document is not the active document, or it is no longer connected to the DOM<br/>
For documentation on this error, please visit: https://selenium.dev/exceptions/#stale_element_reference<br/>
Build info: version: &apos;4.9.0&apos;, revision: &apos;d7057100a6&apos;<br/>
System info: os.name: &apos;Windows 11&apos;, os.arch: &apos;amd64&apos;, os.version: &apos;10.0&apos;, java.version: &apos;17.0.7&apos;<br/>
Driver info: org.openqa.selenium.firefox.FirefoxDriver<br/>
Command: [7b2aa7f0-a020-4629-87f3-113e058732d0, isElementDisplayed {id=43a57ed5-ca49-451e-a504-8125cac26b0d}]<br/>
Capabilities {acceptInsecureCerts: true, browserName: firefox, browserVersion: 118.0.2, moz:accessibilityChecks: false, moz:buildID: 20231009140911, moz:debuggerAddress: 127.0.0.1:8184, moz:geckodriverVersion: 0.33.0, moz:headless: false, moz:platformVersion: 10.0, moz:processID: 72392, moz:profile: C:\Users\ARRUMI~1\AppData\L..., moz:shutdownTimeout: 60000, moz:webdriverClick: true, moz:windowless: false, pageLoadStrategy: normal, platformName: WINDOWS, proxy: Proxy(), se:cdp: ws://127.0.0.1:8184/devtool..., se:cdpVersion: 85.0, setWindowRect: true, strictFileInteractability: false, timeouts: {implicit: 0, pageLoad: 300000, script: 30000}, unhandledPromptBehavior: dismiss and notify}<br/>
Element: [[FirefoxDriver: firefox on WINDOWS (7b2aa7f0-a020-4629-87f3-113e058732d0)] -&gt; xpath: //div[@data-testid=&apos;btnShowFilter&apos;]]<br/>
Session ID: 7b2aa7f0-a020-4629-87f3-113e058732d0</b>
                </a>
                <br/>
                <div class="stackTrace" id="exception-10">
                        java.base/jdk.internal.reflect.NativeConstructorAccessorImpl.newInstance0(Native Method)<br/>
                        java.base/jdk.internal.reflect.NativeConstructorAccessorImpl.newInstance(NativeConstructorAccessorImpl.java:77)<br/>
                        java.base/jdk.internal.reflect.DelegatingConstructorAccessorImpl.newInstance(DelegatingConstructorAccessorImpl.java:45)<br/>
                        java.base/java.lang.reflect.Constructor.newInstanceWithCaller(Constructor.java:499)<br/>
                        java.base/java.lang.reflect.Constructor.newInstance(Constructor.java:480)<br/>
                        org.openqa.selenium.remote.codec.w3c.W3CHttpResponseCodec.createException(W3CHttpResponseCodec.java:200)<br/>
                        org.openqa.selenium.remote.codec.w3c.W3CHttpResponseCodec.decode(W3CHttpResponseCodec.java:133)<br/>
                        org.openqa.selenium.remote.codec.w3c.W3CHttpResponseCodec.decode(W3CHttpResponseCodec.java:53)<br/>
                        org.openqa.selenium.remote.HttpCommandExecutor.execute(HttpCommandExecutor.java:193)<br/>
                        org.openqa.selenium.remote.service.DriverCommandExecutor.invokeExecute(DriverCommandExecutor.java:183)<br/>
                        org.openqa.selenium.remote.service.DriverCommandExecutor.execute(DriverCommandExecutor.java:158)<br/>
                        org.openqa.selenium.remote.RemoteWebDriver.execute(RemoteWebDriver.java:543)<br/>
                        org.openqa.selenium.remote.RemoteWebElement.execute(RemoteWebElement.java:257)<br/>
                        org.openqa.selenium.remote.RemoteWebElement.isDisplayed(RemoteWebElement.java:313)<br/>
                        jdk.internal.reflect.GeneratedMethodAccessor6.invoke(Unknown Source)<br/>
                        java.base/jdk.internal.reflect.DelegatingMethodAccessorImpl.invoke(DelegatingMethodAccessorImpl.java:43)<br/>
                        java.base/java.lang.reflect.Method.invoke(Method.java:568)<br/>
                        org.openqa.selenium.support.pagefactory.internal.LocatingElementHandler.invoke(LocatingElementHandler.java:52)<br/>
                        jdk.proxy2/jdk.proxy2.$Proxy19.isDisplayed(Unknown Source)<br/>
                        org.openqa.selenium.support.ui.ExpectedConditions.elementIfVisible(ExpectedConditions.java:307)<br/>
                        org.openqa.selenium.support.ui.ExpectedConditions.access$000(ExpectedConditions.java:40)<br/>
                        org.openqa.selenium.support.ui.ExpectedConditions$10.apply(ExpectedConditions.java:293)<br/>
                        org.openqa.selenium.support.ui.ExpectedConditions$10.apply(ExpectedConditions.java:290)<br/>
                        org.openqa.selenium.support.ui.ExpectedConditions$23.apply(ExpectedConditions.java:660)<br/>
                        org.openqa.selenium.support.ui.ExpectedConditions$23.apply(ExpectedConditions.java:656)<br/>
                        org.openqa.selenium.support.ui.FluentWait.until(FluentWait.java:208)<br/>
                        page.BasePage.waitForClickable(BasePage.java:59)<br/>
                        page.BasePage.doClick(BasePage.java:24)<br/>
                        page.rawatjalan.ListRJPage.clickPencarian(ListRJPage.java:153)<br/>
                        test.rawatjalan.FilterRJTest.verifyFilterTypeTreatmentListRJ(FilterRJTest.java:205)<br/>
                        java.base/jdk.internal.reflect.NativeMethodAccessorImpl.invoke0(Native Method)<br/>
                        java.base/jdk.internal.reflect.NativeMethodAccessorImpl.invoke(NativeMethodAccessorImpl.java:77)<br/>
                        java.base/jdk.internal.reflect.DelegatingMethodAccessorImpl.invoke(DelegatingMethodAccessorImpl.java:43)<br/>
                        java.base/java.lang.reflect.Method.invoke(Method.java:568)<br/>
                        org.testng.internal.MethodInvocationHelper.invokeMethod(MethodInvocationHelper.java:124)<br/>
                        org.testng.internal.Invoker.invokeMethod(Invoker.java:583)<br/>
                        org.testng.internal.Invoker.invokeTestMethod(Invoker.java:719)<br/>
                        org.testng.internal.Invoker.invokeTestMethods(Invoker.java:989)<br/>
                        org.testng.internal.TestMethodWorker.invokeTestMethods(TestMethodWorker.java:125)<br/>
                        org.testng.internal.TestMethodWorker.run(TestMethodWorker.java:109)<br/>
                        java.base/java.util.concurrent.ThreadPoolExecutor.runWorker(ThreadPoolExecutor.java:1136)<br/>
                        java.base/java.util.concurrent.ThreadPoolExecutor$Worker.run(ThreadPoolExecutor.java:635)<br/>
                        java.base/java.lang.Thread.run(Thread.java:833)<br/>
                </div>
        </td>
    </tr>
    </table>


    <table class="resultsTable" width="100%">
        <tr>
            <th colspan="3" class="header passed">Passed Tests</th>
        </tr>
            <tr>
                <td class="group" colspan="3">test.rawatjalan.FilterRJTest</td>
            </tr>
    <tr>
        <td class="method">
                verifyFilterParticipantNameListRJ
        </td>
        <td class="duration">
            18.932s
        </td>
        <td class="result">
            <!-- Display the dependencies for skipped test methods -->


            <!-- Show logger output for the test -->

        </td>
    </tr>
    <tr>
        <td class="method">
                verifyMultipleFilterListRJ
        </td>
        <td class="duration">
            12.471s
        </td>
        <td class="result">
            <!-- Display the dependencies for skipped test methods -->


            <!-- Show logger output for the test -->

        </td>
    </tr>
    </table>

<script type="text/javascript" src="reportng.js"></script>
</body>
