<?xml version="1.0" encoding="UTF-8"?>
<!-- Generated by org.testng.reporters.JUnitXMLReporter -->
<testsuite ignored="0" hostname="LAPTOP-9GT25MGM" failures="0" tests="13" name="Filter List Rawat Jalan Test" time="65.432" errors="0" timestamp="23 Oct 2023 05:33:58 GMT">
  <testcase classname="test.BaseWebTest" name="@AfterMethod quitChromeDriver" time="23.604">
    <failure type="org.openqa.selenium.WebDriverException" message="Timed out waiting for driver server to stop.
Build info: version: &amp;apos;4.9.0&amp;apos;, revision: &amp;apos;d7057100a6&amp;apos;
System info: os.name: &amp;apos;Windows 11&amp;apos;, os.arch: &amp;apos;amd64&amp;apos;, os.version: &amp;apos;10.0&amp;apos;, java.version: &amp;apos;17.0.7&amp;apos;
Driver info: org.openqa.selenium.firefox.FirefoxDriver
Command: [c4454b85-b1ec-47a0-9bc6-2af5d5f4182c, quit {}]
Capabilities {acceptInsecureCerts: true, browserName: firefox, browserVersion: 118.0.2, moz:accessibilityChecks: false, moz:buildID: 20231009140911, moz:debuggerAddress: 127.0.0.1:32989, moz:geckodriverVersion: 0.33.0, moz:headless: true, moz:platformVersion: 10.0, moz:processID: 22484, moz:profile: C:\Users\ARRUMI~1\AppData\L..., moz:shutdownTimeout: 60000, moz:webdriverClick: true, moz:windowless: false, pageLoadStrategy: normal, platformName: WINDOWS, proxy: Proxy(), se:cdp: ws://127.0.0.1:32989/devtoo..., se:cdpVersion: 85.0, setWindowRect: true, strictFileInteractability: false, timeouts: {implicit: 0, pageLoad: 300000, script: 30000}, unhandledPromptBehavior: dismiss and notify}
Session ID: c4454b85-b1ec-47a0-9bc6-2af5d5f4182c">
      <![CDATA[org.openqa.selenium.WebDriverException: Timed out waiting for driver server to stop.
Build info: version: '4.9.0', revision: 'd7057100a6'
System info: os.name: 'Windows 11', os.arch: 'amd64', os.version: '10.0', java.version: '17.0.7'
Driver info: org.openqa.selenium.firefox.FirefoxDriver
Command: [c4454b85-b1ec-47a0-9bc6-2af5d5f4182c, quit {}]
Capabilities {acceptInsecureCerts: true, browserName: firefox, browserVersion: 118.0.2, moz:accessibilityChecks: false, moz:buildID: 20231009140911, moz:debuggerAddress: 127.0.0.1:32989, moz:geckodriverVersion: 0.33.0, moz:headless: true, moz:platformVersion: 10.0, moz:processID: 22484, moz:profile: C:\Users\ARRUMI~1\AppData\L..., moz:shutdownTimeout: 60000, moz:webdriverClick: true, moz:windowless: false, pageLoadStrategy: normal, platformName: WINDOWS, proxy: Proxy(), se:cdp: ws://127.0.0.1:32989/devtoo..., se:cdpVersion: 85.0, setWindowRect: true, strictFileInteractability: false, timeouts: {implicit: 0, pageLoad: 300000, script: 30000}, unhandledPromptBehavior: dismiss and notify}
Session ID: c4454b85-b1ec-47a0-9bc6-2af5d5f4182c
at org.openqa.selenium.remote.service.DriverCommandExecutor.execute(DriverCommandExecutor.java:148)
at org.openqa.selenium.remote.RemoteWebDriver.execute(RemoteWebDriver.java:543)
at org.openqa.selenium.remote.RemoteWebDriver.execute(RemoteWebDriver.java:598)
at org.openqa.selenium.remote.RemoteWebDriver.execute(RemoteWebDriver.java:602)
at org.openqa.selenium.remote.RemoteWebDriver.quit(RemoteWebDriver.java:445)
at org.openqa.selenium.firefox.FirefoxDriver.quit(FirefoxDriver.java:351)
at test.BaseWebTest.quitChromeDriver(BaseWebTest.java:57)
at java.base/java.util.concurrent.ThreadPoolExecutor.runWorker(ThreadPoolExecutor.java:1136)
at java.base/java.util.concurrent.ThreadPoolExecutor$Worker.run(ThreadPoolExecutor.java:635)
at java.base/java.lang.Thread.run(Thread.java:833)
Caused by: java.util.concurrent.ExecutionException: org.openqa.selenium.TimeoutException: Process timed out after waiting for 20000 ms.
Build info: version: '4.9.0', revision: 'd7057100a6'
System info: os.name: 'Windows 11', os.arch: 'amd64', os.version: '10.0', java.version: '17.0.7'
Driver info: driver.version: unknown
at java.base/java.util.concurrent.CompletableFuture.reportGet(CompletableFuture.java:396)
at java.base/java.util.concurrent.CompletableFuture.get(CompletableFuture.java:2096)
at org.openqa.selenium.remote.service.DriverCommandExecutor.execute(DriverCommandExecutor.java:144)
... 22 more
Caused by: org.openqa.selenium.TimeoutException: Process timed out after waiting for 20000 ms.
Build info: version: '4.9.0', revision: 'd7057100a6'
System info: os.name: 'Windows 11', os.arch: 'amd64', os.version: '10.0', java.version: '17.0.7'
Driver info: driver.version: unknown
at org.openqa.selenium.os.OsProcess.waitFor(OsProcess.java:181)
at org.openqa.selenium.os.CommandLine.waitFor(CommandLine.java:119)
at org.openqa.selenium.remote.service.DriverCommandExecutor.lambda$execute$2(DriverCommandExecutor.java:138)
at java.base/java.util.concurrent.CompletableFuture$AsyncSupply.run(CompletableFuture.java:1768)
... 3 more
... Removed 13 stack frames]]>
    </failure>
  </testcase> <!-- @AfterMethod quitChromeDriver -->
  <testcase classname="test.BaseWebTest" name="@BeforeMethod createChromeDriver" time="0.0">
    <skipped/>
  </testcase> <!-- @BeforeMethod createChromeDriver -->
  <testcase classname="test.rawatjalan.FilterRJTest" name="@BeforeMethod login" time="0.0">
    <skipped/>
  </testcase> <!-- @BeforeMethod login -->
  <testcase classname="test.BaseWebTest" name="@AfterMethod quitChromeDriver" time="0.0">
    <skipped/>
  </testcase> <!-- @AfterMethod quitChromeDriver -->
  <testcase classname="test.BaseWebTest" name="@BeforeMethod createChromeDriver" time="0.0">
    <skipped/>
  </testcase> <!-- @BeforeMethod createChromeDriver -->
  <testcase classname="test.rawatjalan.FilterRJTest" name="@BeforeMethod login" time="0.0">
    <skipped/>
  </testcase> <!-- @BeforeMethod login -->
  <testcase classname="test.BaseWebTest" name="@AfterMethod quitChromeDriver" time="0.0">
    <skipped/>
  </testcase> <!-- @AfterMethod quitChromeDriver -->
  <testcase classname="test.BaseWebTest" name="@BeforeMethod createChromeDriver" time="0.0">
    <skipped/>
  </testcase> <!-- @BeforeMethod createChromeDriver -->
  <testcase classname="test.rawatjalan.FilterRJTest" name="@BeforeMethod login" time="0.0">
    <skipped/>
  </testcase> <!-- @BeforeMethod login -->
  <testcase classname="test.BaseWebTest" name="@AfterMethod quitChromeDriver" time="0.0">
    <skipped/>
  </testcase> <!-- @AfterMethod quitChromeDriver -->
  <testcase classname="test.BaseWebTest" name="@BeforeMethod createChromeDriver" time="0.0">
    <skipped/>
  </testcase> <!-- @BeforeMethod createChromeDriver -->
  <testcase classname="test.rawatjalan.FilterRJTest" name="@BeforeMethod login" time="0.0">
    <skipped/>
  </testcase> <!-- @BeforeMethod login -->
  <testcase classname="test.BaseWebTest" name="@AfterMethod quitChromeDriver" time="0.0">
    <skipped/>
  </testcase> <!-- @AfterMethod quitChromeDriver -->
  <testcase classname="test.BaseWebTest" name="@BeforeMethod createChromeDriver" time="0.0">
    <skipped/>
  </testcase> <!-- @BeforeMethod createChromeDriver -->
  <testcase classname="test.rawatjalan.FilterRJTest" name="@BeforeMethod login" time="0.0">
    <skipped/>
  </testcase> <!-- @BeforeMethod login -->
  <testcase classname="test.BaseWebTest" name="@AfterMethod quitChromeDriver" time="0.0">
    <skipped/>
  </testcase> <!-- @AfterMethod quitChromeDriver -->
  <testcase classname="test.BaseWebTest" name="@BeforeMethod createChromeDriver" time="0.0">
    <skipped/>
  </testcase> <!-- @BeforeMethod createChromeDriver -->
  <testcase classname="test.rawatjalan.FilterRJTest" name="@BeforeMethod login" time="0.0">
    <skipped/>
  </testcase> <!-- @BeforeMethod login -->
  <testcase classname="test.BaseWebTest" name="@AfterMethod quitChromeDriver" time="0.0">
    <skipped/>
  </testcase> <!-- @AfterMethod quitChromeDriver -->
  <testcase classname="test.BaseWebTest" name="@AfterMethod quitChromeDriver" time="20.493">
    <failure type="org.openqa.selenium.WebDriverException" message="Timed out waiting for driver server to stop.
Build info: version: &amp;apos;4.9.0&amp;apos;, revision: &amp;apos;d7057100a6&amp;apos;
System info: os.name: &amp;apos;Windows 11&amp;apos;, os.arch: &amp;apos;amd64&amp;apos;, os.version: &amp;apos;10.0&amp;apos;, java.version: &amp;apos;17.0.7&amp;apos;
Driver info: org.openqa.selenium.firefox.FirefoxDriver
Command: [7f07255d-dec4-4975-83ca-91d274bdf5d1, quit {}]
Capabilities {acceptInsecureCerts: true, browserName: firefox, browserVersion: 118.0.2, moz:accessibilityChecks: false, moz:buildID: 20231009140911, moz:debuggerAddress: 127.0.0.1:20849, moz:geckodriverVersion: 0.33.0, moz:headless: true, moz:platformVersion: 10.0, moz:processID: 46696, moz:profile: C:\Users\ARRUMI~1\AppData\L..., moz:shutdownTimeout: 60000, moz:webdriverClick: true, moz:windowless: false, pageLoadStrategy: normal, platformName: WINDOWS, proxy: Proxy(), se:cdp: ws://127.0.0.1:20849/devtoo..., se:cdpVersion: 85.0, setWindowRect: true, strictFileInteractability: false, timeouts: {implicit: 0, pageLoad: 300000, script: 30000}, unhandledPromptBehavior: dismiss and notify}
Session ID: 7f07255d-dec4-4975-83ca-91d274bdf5d1">
      <![CDATA[org.openqa.selenium.WebDriverException: Timed out waiting for driver server to stop.
Build info: version: '4.9.0', revision: 'd7057100a6'
System info: os.name: 'Windows 11', os.arch: 'amd64', os.version: '10.0', java.version: '17.0.7'
Driver info: org.openqa.selenium.firefox.FirefoxDriver
Command: [7f07255d-dec4-4975-83ca-91d274bdf5d1, quit {}]
Capabilities {acceptInsecureCerts: true, browserName: firefox, browserVersion: 118.0.2, moz:accessibilityChecks: false, moz:buildID: 20231009140911, moz:debuggerAddress: 127.0.0.1:20849, moz:geckodriverVersion: 0.33.0, moz:headless: true, moz:platformVersion: 10.0, moz:processID: 46696, moz:profile: C:\Users\ARRUMI~1\AppData\L..., moz:shutdownTimeout: 60000, moz:webdriverClick: true, moz:windowless: false, pageLoadStrategy: normal, platformName: WINDOWS, proxy: Proxy(), se:cdp: ws://127.0.0.1:20849/devtoo..., se:cdpVersion: 85.0, setWindowRect: true, strictFileInteractability: false, timeouts: {implicit: 0, pageLoad: 300000, script: 30000}, unhandledPromptBehavior: dismiss and notify}
Session ID: 7f07255d-dec4-4975-83ca-91d274bdf5d1
at org.openqa.selenium.remote.service.DriverCommandExecutor.execute(DriverCommandExecutor.java:148)
at org.openqa.selenium.remote.RemoteWebDriver.execute(RemoteWebDriver.java:543)
at org.openqa.selenium.remote.RemoteWebDriver.execute(RemoteWebDriver.java:598)
at org.openqa.selenium.remote.RemoteWebDriver.execute(RemoteWebDriver.java:602)
at org.openqa.selenium.remote.RemoteWebDriver.quit(RemoteWebDriver.java:445)
at org.openqa.selenium.firefox.FirefoxDriver.quit(FirefoxDriver.java:351)
at test.BaseWebTest.quitChromeDriver(BaseWebTest.java:57)
at java.base/java.util.concurrent.ThreadPoolExecutor.runWorker(ThreadPoolExecutor.java:1136)
at java.base/java.util.concurrent.ThreadPoolExecutor$Worker.run(ThreadPoolExecutor.java:635)
at java.base/java.lang.Thread.run(Thread.java:833)
Caused by: java.util.concurrent.ExecutionException: org.openqa.selenium.TimeoutException: Process timed out after waiting for 20000 ms.
Build info: version: '4.9.0', revision: 'd7057100a6'
System info: os.name: 'Windows 11', os.arch: 'amd64', os.version: '10.0', java.version: '17.0.7'
Driver info: driver.version: unknown
at java.base/java.util.concurrent.CompletableFuture.reportGet(CompletableFuture.java:396)
at java.base/java.util.concurrent.CompletableFuture.get(CompletableFuture.java:2096)
at org.openqa.selenium.remote.service.DriverCommandExecutor.execute(DriverCommandExecutor.java:144)
... 22 more
Caused by: org.openqa.selenium.TimeoutException: Process timed out after waiting for 20000 ms.
Build info: version: '4.9.0', revision: 'd7057100a6'
System info: os.name: 'Windows 11', os.arch: 'amd64', os.version: '10.0', java.version: '17.0.7'
Driver info: driver.version: unknown
at org.openqa.selenium.os.OsProcess.waitFor(OsProcess.java:181)
at org.openqa.selenium.os.CommandLine.waitFor(CommandLine.java:119)
at org.openqa.selenium.remote.service.DriverCommandExecutor.lambda$execute$2(DriverCommandExecutor.java:138)
at java.base/java.util.concurrent.CompletableFuture$AsyncSupply.run(CompletableFuture.java:1768)
... 3 more
... Removed 13 stack frames]]>
    </failure>
  </testcase> <!-- @AfterMethod quitChromeDriver -->
  <testcase classname="test.BaseWebTest" name="@AfterMethod quitChromeDriver" time="0.0">
    <skipped/>
  </testcase> <!-- @AfterMethod quitChromeDriver -->
  <testcase classname="test.rawatjalan.FilterRJTest" name="@BeforeMethod login" time="0.0">
    <skipped/>
  </testcase> <!-- @BeforeMethod login -->
  <testcase classname="test.BaseWebTest" name="@AfterMethod quitChromeDriver" time="0.0">
    <skipped/>
  </testcase> <!-- @AfterMethod quitChromeDriver -->
  <testcase classname="test.rawatjalan.FilterRJTest" name="verifyFilterNoKlaimNegListRJ" time="13.168"/>
  <testcase classname="test.rawatjalan.FilterRJTest" name="verifyFilterRegDateNegListRJ" time="11.76"/>
  <testcase classname="test.rawatjalan.FilterRJTest" name="verifyFilterNoKlaimListRJ" time="20.767"/>
  <testcase classname="test.rawatjalan.FilterRJTest" name="verifyFilterRegDateListRJ" time="21.091"/>
  <testcase classname="test.rawatjalan.FilterRJTest" name="verifyFilterTransNoNegListRJ" time="14.057"/>
  <testcase classname="test.rawatjalan.FilterRJTest" name="verifyFilterCardNoNegListRJ" time="0.0">
    <skipped/>
  </testcase> <!-- verifyFilterCardNoNegListRJ -->
  <testcase classname="test.rawatjalan.FilterRJTest" name="verifyFilterParticipantNameListRJ" time="0.0">
    <skipped/>
  </testcase> <!-- verifyFilterParticipantNameListRJ -->
  <testcase classname="test.rawatjalan.FilterRJTest" name="verifyFilterParticipantNameNegListRJ" time="0.0">
    <skipped/>
  </testcase> <!-- verifyFilterParticipantNameNegListRJ -->
  <testcase classname="test.rawatjalan.FilterRJTest" name="verifyFilterTypeTreatmentListRJ" time="0.0">
    <skipped/>
  </testcase> <!-- verifyFilterTypeTreatmentListRJ -->
  <testcase classname="test.rawatjalan.FilterRJTest" name="verifyFilterStatusListRJ" time="0.0">
    <skipped/>
  </testcase> <!-- verifyFilterStatusListRJ -->
  <testcase classname="test.rawatjalan.FilterRJTest" name="verifyMultipleFilterListRJ" time="0.0">
    <skipped/>
  </testcase> <!-- verifyMultipleFilterListRJ -->
  <testcase classname="test.rawatjalan.FilterRJTest" name="verifyFilterTransNoListRJ" time="17.931"/>
  <testcase classname="test.rawatjalan.FilterRJTest" name="verifyFilterCardNoListRJ" time="0.0">
    <skipped/>
  </testcase> <!-- verifyFilterCardNoListRJ -->
</testsuite> <!-- Filter List Rawat Jalan Test -->
