<?xml version="1.0" encoding="UTF-8"?>
<testsuite name="Positive Rawat Jalan Test"
           tests="3"
           failures="3"
           errors="0"
           skipped="0"
           time="112.952">
    <properties></properties>

            <testcase
                name="positivePenagihanKlaimAndCancelRegis"
                time="0.290"
                classname="test.rawatjalan.PositiveRJTest">

            <failure type="org.openqa.selenium.NoSuchElementException" message="Unable to locate element: //p[normalize-space()=&apos;Penagihan Klaim&apos;]
For documentation on this error, please visit: https://selenium.dev/exceptions/#no_such_element
Build info: version: &apos;4.9.0&apos;, revision: &apos;d7057100a6&apos;
System info: os.name: &apos;Windows 11&apos;, os.arch: &apos;amd64&apos;, os.version: &apos;10.0&apos;, java.version: &apos;17.0.7&apos;
Driver info: org.openqa.selenium.firefox.FirefoxDriver
Command: [ae0ee626-b6af-455e-b33d-ef6364a0ab45, findElement {using=xpath, value=//p[normalize-space()=&apos;Penagihan Klaim&apos;]}]
Capabilities {acceptInsecureCerts: true, browserName: firefox, browserVersion: 118.0.2, moz:accessibilityChecks: false, moz:buildID: 20231009140911, moz:debuggerAddress: 127.0.0.1:10368, moz:geckodriverVersion: 0.33.0, moz:headless: false, moz:platformVersion: 10.0, moz:processID: 74904, moz:profile: C:\Users\ARRUMI~1\AppData\L..., moz:shutdownTimeout: 60000, moz:webdriverClick: true, moz:windowless: false, pageLoadStrategy: normal, platformName: WINDOWS, proxy: Proxy(), se:cdp: ws://127.0.0.1:10368/devtoo..., se:cdpVersion: 85.0, setWindowRect: true, strictFileInteractability: false, timeouts: {implicit: 0, pageLoad: 300000, script: 30000}, unhandledPromptBehavior: dismiss and notify}
Session ID: ae0ee626-b6af-455e-b33d-ef6364a0ab45">
                <![CDATA[org.openqa.selenium.NoSuchElementException: Unable to locate element: //p[normalize-space()='Penagihan Klaim']
For documentation on this error, please visit: https://selenium.dev/exceptions/#no_such_element
Build info: version: '4.9.0', revision: 'd7057100a6'
System info: os.name: 'Windows 11', os.arch: 'amd64', os.version: '10.0', java.version: '17.0.7'
Driver info: org.openqa.selenium.firefox.FirefoxDriver
Command: [ae0ee626-b6af-455e-b33d-ef6364a0ab45, findElement {using=xpath, value=//p[normalize-space()='Penagihan Klaim']}]
Capabilities {acceptInsecureCerts: true, browserName: firefox, browserVersion: 118.0.2, moz:accessibilityChecks: false, moz:buildID: 20231009140911, moz:debuggerAddress: 127.0.0.1:10368, moz:geckodriverVersion: 0.33.0, moz:headless: false, moz:platformVersion: 10.0, moz:processID: 74904, moz:profile: C:\Users\ARRUMI~1\AppData\L..., moz:shutdownTimeout: 60000, moz:webdriverClick: true, moz:windowless: false, pageLoadStrategy: normal, platformName: WINDOWS, proxy: Proxy(), se:cdp: ws://127.0.0.1:10368/devtoo..., se:cdpVersion: 85.0, setWindowRect: true, strictFileInteractability: false, timeouts: {implicit: 0, pageLoad: 300000, script: 30000}, unhandledPromptBehavior: dismiss and notify}
Session ID: ae0ee626-b6af-455e-b33d-ef6364a0ab45
                jdk.internal.reflect.GeneratedConstructorAccessor20.newInstance(Unknown Source)java.base/jdk.internal.reflect.DelegatingConstructorAccessorImpl.newInstance(DelegatingConstructorAccessorImpl.java:45)java.base/java.lang.reflect.Constructor.newInstanceWithCaller(Constructor.java:499)java.base/java.lang.reflect.Constructor.newInstance(Constructor.java:480)org.openqa.selenium.remote.codec.w3c.W3CHttpResponseCodec.createException(W3CHttpResponseCodec.java:200)org.openqa.selenium.remote.codec.w3c.W3CHttpResponseCodec.decode(W3CHttpResponseCodec.java:133)org.openqa.selenium.remote.codec.w3c.W3CHttpResponseCodec.decode(W3CHttpResponseCodec.java:53)org.openqa.selenium.remote.HttpCommandExecutor.execute(HttpCommandExecutor.java:193)org.openqa.selenium.remote.service.DriverCommandExecutor.invokeExecute(DriverCommandExecutor.java:183)org.openqa.selenium.remote.service.DriverCommandExecutor.execute(DriverCommandExecutor.java:158)org.openqa.selenium.remote.RemoteWebDriver.execute(RemoteWebDriver.java:543)org.openqa.selenium.remote.ElementLocation$ElementFinder$2.findElement(ElementLocation.java:162)org.openqa.selenium.remote.ElementLocation.findElement(ElementLocation.java:60)org.openqa.selenium.remote.RemoteWebDriver.findElement(RemoteWebDriver.java:352)org.openqa.selenium.remote.RemoteWebDriver.findElement(RemoteWebDriver.java:344)org.openqa.selenium.support.pagefactory.DefaultElementLocator.findElement(DefaultElementLocator.java:70)org.openqa.selenium.support.pagefactory.internal.LocatingElementHandler.invoke(LocatingElementHandler.java:39)jdk.proxy2/jdk.proxy2.$Proxy19.getWrappedElement(Unknown Source)org.openqa.selenium.remote.internal.WebElementToJsonConverter.apply(WebElementToJsonConverter.java:51)java.base/java.util.stream.ReferencePipeline$3$1.accept(ReferencePipeline.java:197)java.base/java.util.Spliterators$ArraySpliterator.forEachRemaining(Spliterators.java:992)java.base/java.util.stream.AbstractPipeline.copyInto(AbstractPipeline.java:509)java.base/java.util.stream.AbstractPipeline.wrapAndCopyInto(AbstractPipeline.java:499)java.base/java.util.stream.ReduceOps$ReduceOp.evaluateSequential(ReduceOps.java:921)java.base/java.util.stream.AbstractPipeline.evaluate(AbstractPipeline.java:234)java.base/java.util.stream.ReferencePipeline.collect(ReferencePipeline.java:682)org.openqa.selenium.remote.RemoteWebDriver.executeScript(RemoteWebDriver.java:477)page.HomePage.scrollUntilBtnPenagihanKlaim(HomePage.java:112)test.rawatjalan.PositiveRJTest.positivePenagihanKlaimAndCancelRegis(PositiveRJTest.java:238)java.base/jdk.internal.reflect.NativeMethodAccessorImpl.invoke0(Native Method)java.base/jdk.internal.reflect.NativeMethodAccessorImpl.invoke(NativeMethodAccessorImpl.java:77)java.base/jdk.internal.reflect.DelegatingMethodAccessorImpl.invoke(DelegatingMethodAccessorImpl.java:43)java.base/java.lang.reflect.Method.invoke(Method.java:568)org.testng.internal.MethodInvocationHelper.invokeMethod(MethodInvocationHelper.java:124)org.testng.internal.Invoker.invokeMethod(Invoker.java:583)org.testng.internal.Invoker.invokeTestMethod(Invoker.java:719)org.testng.internal.Invoker.invokeTestMethods(Invoker.java:989)org.testng.internal.TestMethodWorker.invokeTestMethods(TestMethodWorker.java:125)org.testng.internal.TestMethodWorker.run(TestMethodWorker.java:109)java.base/java.util.concurrent.ThreadPoolExecutor.runWorker(ThreadPoolExecutor.java:1136)java.base/java.util.concurrent.ThreadPoolExecutor$Worker.run(ThreadPoolExecutor.java:635)java.base/java.lang.Thread.run(Thread.java:833)
]]>
            </failure>
    </testcase>
            <testcase
                name="positiveRegisOutPatient"
                time="109.371"
                classname="test.rawatjalan.PositiveRJTest">

            <failure type="org.openqa.selenium.TimeoutException" message="Expected condition failed: waiting for visibility of Proxy element for: DefaultElementLocator &apos;By.xpath: //table[1]/tbody/tr[1]/td[3]&apos; (tried for 60 second(s) with 500 milliseconds interval)">
                <![CDATA[org.openqa.selenium.TimeoutException: Expected condition failed: waiting for visibility of Proxy element for: DefaultElementLocator 'By.xpath: //table[1]/tbody/tr[1]/td[3]' (tried for 60 second(s) with 500 milliseconds interval)
                org.openqa.selenium.support.ui.WebDriverWait.timeoutException(WebDriverWait.java:87)org.openqa.selenium.support.ui.FluentWait.until(FluentWait.java:231)page.BasePage.waitForVisibility(BasePage.java:53)page.BasePage.doGetText(BasePage.java:36)page.rawatjalan.CetakStrukPage.getTxtPayor(CetakStrukPage.java:82)test.rawatjalan.PositiveRJTest.positiveRegisOutPatient(PositiveRJTest.java:83)java.base/jdk.internal.reflect.NativeMethodAccessorImpl.invoke0(Native Method)java.base/jdk.internal.reflect.NativeMethodAccessorImpl.invoke(NativeMethodAccessorImpl.java:77)java.base/jdk.internal.reflect.DelegatingMethodAccessorImpl.invoke(DelegatingMethodAccessorImpl.java:43)java.base/java.lang.reflect.Method.invoke(Method.java:568)org.testng.internal.MethodInvocationHelper.invokeMethod(MethodInvocationHelper.java:124)org.testng.internal.Invoker.invokeMethod(Invoker.java:583)org.testng.internal.Invoker.invokeTestMethod(Invoker.java:719)org.testng.internal.Invoker.invokeTestMethods(Invoker.java:989)org.testng.internal.TestMethodWorker.invokeTestMethods(TestMethodWorker.java:125)org.testng.internal.TestMethodWorker.run(TestMethodWorker.java:109)java.base/java.util.concurrent.ThreadPoolExecutor.runWorker(ThreadPoolExecutor.java:1136)java.base/java.util.concurrent.ThreadPoolExecutor$Worker.run(ThreadPoolExecutor.java:635)java.base/java.lang.Thread.run(Thread.java:833)
                    Caused by: org.openqa.selenium.NoSuchElementException: Unable to locate element: //table[1]/tbody/tr[1]/td[3]
For documentation on this error, please visit: https://selenium.dev/exceptions/#no_such_element
Build info: version: '4.9.0', revision: 'd7057100a6'
System info: os.name: 'Windows 11', os.arch: 'amd64', os.version: '10.0', java.version: '17.0.7'
Driver info: org.openqa.selenium.firefox.FirefoxDriver
Command: [37e2057b-3171-46ca-ba29-97fcd117e455, findElement {using=xpath, value=//table[1]/tbody/tr[1]/td[3]}]
Capabilities {acceptInsecureCerts: true, browserName: firefox, browserVersion: 118.0.2, moz:accessibilityChecks: false, moz:buildID: 20231009140911, moz:debuggerAddress: 127.0.0.1:13694, moz:geckodriverVersion: 0.33.0, moz:headless: false, moz:platformVersion: 10.0, moz:processID: 40176, moz:profile: C:\Users\ARRUMI~1\AppData\L..., moz:shutdownTimeout: 60000, moz:webdriverClick: true, moz:windowless: false, pageLoadStrategy: normal, platformName: WINDOWS, proxy: Proxy(), se:cdp: ws://127.0.0.1:13694/devtoo..., se:cdpVersion: 85.0, setWindowRect: true, strictFileInteractability: false, timeouts: {implicit: 0, pageLoad: 300000, script: 30000}, unhandledPromptBehavior: dismiss and notify}
Session ID: 37e2057b-3171-46ca-ba29-97fcd117e455
                    jdk.internal.reflect.GeneratedConstructorAccessor20.newInstance(Unknown Source)java.base/jdk.internal.reflect.DelegatingConstructorAccessorImpl.newInstance(DelegatingConstructorAccessorImpl.java:45)java.base/java.lang.reflect.Constructor.newInstanceWithCaller(Constructor.java:499)java.base/java.lang.reflect.Constructor.newInstance(Constructor.java:480)org.openqa.selenium.remote.codec.w3c.W3CHttpResponseCodec.createException(W3CHttpResponseCodec.java:200)org.openqa.selenium.remote.codec.w3c.W3CHttpResponseCodec.decode(W3CHttpResponseCodec.java:133)org.openqa.selenium.remote.codec.w3c.W3CHttpResponseCodec.decode(W3CHttpResponseCodec.java:53)org.openqa.selenium.remote.HttpCommandExecutor.execute(HttpCommandExecutor.java:193)org.openqa.selenium.remote.service.DriverCommandExecutor.invokeExecute(DriverCommandExecutor.java:183)org.openqa.selenium.remote.service.DriverCommandExecutor.execute(DriverCommandExecutor.java:158)org.openqa.selenium.remote.RemoteWebDriver.execute(RemoteWebDriver.java:543)org.openqa.selenium.remote.ElementLocation$ElementFinder$2.findElement(ElementLocation.java:162)org.openqa.selenium.remote.ElementLocation.findElement(ElementLocation.java:60)org.openqa.selenium.remote.RemoteWebDriver.findElement(RemoteWebDriver.java:352)org.openqa.selenium.remote.RemoteWebDriver.findElement(RemoteWebDriver.java:344)org.openqa.selenium.support.pagefactory.DefaultElementLocator.findElement(DefaultElementLocator.java:70)org.openqa.selenium.support.pagefactory.internal.LocatingElementHandler.invoke(LocatingElementHandler.java:39)jdk.proxy2/jdk.proxy2.$Proxy19.isDisplayed(Unknown Source)org.openqa.selenium.support.ui.ExpectedConditions.elementIfVisible(ExpectedConditions.java:307)org.openqa.selenium.support.ui.ExpectedConditions.access$000(ExpectedConditions.java:40)org.openqa.selenium.support.ui.ExpectedConditions$10.apply(ExpectedConditions.java:293)org.openqa.selenium.support.ui.ExpectedConditions$10.apply(ExpectedConditions.java:290)org.openqa.selenium.support.ui.FluentWait.until(FluentWait.java:208)page.BasePage.waitForVisibility(BasePage.java:53)page.BasePage.doGetText(BasePage.java:36)page.rawatjalan.CetakStrukPage.getTxtPayor(CetakStrukPage.java:82)test.rawatjalan.PositiveRJTest.positiveRegisOutPatient(PositiveRJTest.java:83)java.base/jdk.internal.reflect.NativeMethodAccessorImpl.invoke0(Native Method)java.base/jdk.internal.reflect.NativeMethodAccessorImpl.invoke(NativeMethodAccessorImpl.java:77)java.base/jdk.internal.reflect.DelegatingMethodAccessorImpl.invoke(DelegatingMethodAccessorImpl.java:43)java.base/java.lang.reflect.Method.invoke(Method.java:568)org.testng.internal.MethodInvocationHelper.invokeMethod(MethodInvocationHelper.java:124)org.testng.internal.Invoker.invokeMethod(Invoker.java:583)org.testng.internal.Invoker.invokeTestMethod(Invoker.java:719)org.testng.internal.Invoker.invokeTestMethods(Invoker.java:989)org.testng.internal.TestMethodWorker.invokeTestMethods(TestMethodWorker.java:125)org.testng.internal.TestMethodWorker.run(TestMethodWorker.java:109)java.base/java.util.concurrent.ThreadPoolExecutor.runWorker(ThreadPoolExecutor.java:1136)java.base/java.util.concurrent.ThreadPoolExecutor$Worker.run(ThreadPoolExecutor.java:635)java.base/java.lang.Thread.run(Thread.java:833)
                ]]>
            </failure>
    </testcase>
            <testcase
                name="positivePengesahanTagihan"
                time="3.291"
                classname="test.rawatjalan.PositiveRJTest">

            <failure type="org.openqa.selenium.StaleElementReferenceException" message="The element with the reference 81f50ea7-08e4-4904-84e3-9661695cf631 is stale; either its node document is not the active document, or it is no longer connected to the DOM
For documentation on this error, please visit: https://selenium.dev/exceptions/#stale_element_reference
Build info: version: &apos;4.9.0&apos;, revision: &apos;d7057100a6&apos;
System info: os.name: &apos;Windows 11&apos;, os.arch: &apos;amd64&apos;, os.version: &apos;10.0&apos;, java.version: &apos;17.0.7&apos;
Driver info: org.openqa.selenium.firefox.FirefoxDriver
Command: [12178472-9b6c-4135-9415-d3f875114041, isElementDisplayed {id=81f50ea7-08e4-4904-84e3-9661695cf631}]
Capabilities {acceptInsecureCerts: true, browserName: firefox, browserVersion: 118.0.2, moz:accessibilityChecks: false, moz:buildID: 20231009140911, moz:debuggerAddress: 127.0.0.1:34179, moz:geckodriverVersion: 0.33.0, moz:headless: false, moz:platformVersion: 10.0, moz:processID: 72892, moz:profile: C:\Users\ARRUMI~1\AppData\L..., moz:shutdownTimeout: 60000, moz:webdriverClick: true, moz:windowless: false, pageLoadStrategy: normal, platformName: WINDOWS, proxy: Proxy(), se:cdp: ws://127.0.0.1:34179/devtoo..., se:cdpVersion: 85.0, setWindowRect: true, strictFileInteractability: false, timeouts: {implicit: 0, pageLoad: 300000, script: 30000}, unhandledPromptBehavior: dismiss and notify}
Element: [[FirefoxDriver: firefox on WINDOWS (12178472-9b6c-4135-9415-d3f875114041)] -&gt; xpath: //div[@data-testid=&apos;btnShowFilter&apos;]]
Session ID: 12178472-9b6c-4135-9415-d3f875114041">
                <![CDATA[org.openqa.selenium.StaleElementReferenceException: The element with the reference 81f50ea7-08e4-4904-84e3-9661695cf631 is stale; either its node document is not the active document, or it is no longer connected to the DOM
For documentation on this error, please visit: https://selenium.dev/exceptions/#stale_element_reference
Build info: version: '4.9.0', revision: 'd7057100a6'
System info: os.name: 'Windows 11', os.arch: 'amd64', os.version: '10.0', java.version: '17.0.7'
Driver info: org.openqa.selenium.firefox.FirefoxDriver
Command: [12178472-9b6c-4135-9415-d3f875114041, isElementDisplayed {id=81f50ea7-08e4-4904-84e3-9661695cf631}]
Capabilities {acceptInsecureCerts: true, browserName: firefox, browserVersion: 118.0.2, moz:accessibilityChecks: false, moz:buildID: 20231009140911, moz:debuggerAddress: 127.0.0.1:34179, moz:geckodriverVersion: 0.33.0, moz:headless: false, moz:platformVersion: 10.0, moz:processID: 72892, moz:profile: C:\Users\ARRUMI~1\AppData\L..., moz:shutdownTimeout: 60000, moz:webdriverClick: true, moz:windowless: false, pageLoadStrategy: normal, platformName: WINDOWS, proxy: Proxy(), se:cdp: ws://127.0.0.1:34179/devtoo..., se:cdpVersion: 85.0, setWindowRect: true, strictFileInteractability: false, timeouts: {implicit: 0, pageLoad: 300000, script: 30000}, unhandledPromptBehavior: dismiss and notify}
Element: [[FirefoxDriver: firefox on WINDOWS (12178472-9b6c-4135-9415-d3f875114041)] -> xpath: //div[@data-testid='btnShowFilter']]
Session ID: 12178472-9b6c-4135-9415-d3f875114041
                jdk.internal.reflect.GeneratedConstructorAccessor44.newInstance(Unknown Source)java.base/jdk.internal.reflect.DelegatingConstructorAccessorImpl.newInstance(DelegatingConstructorAccessorImpl.java:45)java.base/java.lang.reflect.Constructor.newInstanceWithCaller(Constructor.java:499)java.base/java.lang.reflect.Constructor.newInstance(Constructor.java:480)org.openqa.selenium.remote.codec.w3c.W3CHttpResponseCodec.createException(W3CHttpResponseCodec.java:200)org.openqa.selenium.remote.codec.w3c.W3CHttpResponseCodec.decode(W3CHttpResponseCodec.java:133)org.openqa.selenium.remote.codec.w3c.W3CHttpResponseCodec.decode(W3CHttpResponseCodec.java:53)org.openqa.selenium.remote.HttpCommandExecutor.execute(HttpCommandExecutor.java:193)org.openqa.selenium.remote.service.DriverCommandExecutor.invokeExecute(DriverCommandExecutor.java:183)org.openqa.selenium.remote.service.DriverCommandExecutor.execute(DriverCommandExecutor.java:158)org.openqa.selenium.remote.RemoteWebDriver.execute(RemoteWebDriver.java:543)org.openqa.selenium.remote.RemoteWebElement.execute(RemoteWebElement.java:257)org.openqa.selenium.remote.RemoteWebElement.isDisplayed(RemoteWebElement.java:313)jdk.internal.reflect.GeneratedMethodAccessor6.invoke(Unknown Source)java.base/jdk.internal.reflect.DelegatingMethodAccessorImpl.invoke(DelegatingMethodAccessorImpl.java:43)java.base/java.lang.reflect.Method.invoke(Method.java:568)org.openqa.selenium.support.pagefactory.internal.LocatingElementHandler.invoke(LocatingElementHandler.java:52)jdk.proxy2/jdk.proxy2.$Proxy19.isDisplayed(Unknown Source)org.openqa.selenium.support.ui.ExpectedConditions.elementIfVisible(ExpectedConditions.java:307)org.openqa.selenium.support.ui.ExpectedConditions.access$000(ExpectedConditions.java:40)org.openqa.selenium.support.ui.ExpectedConditions$10.apply(ExpectedConditions.java:293)org.openqa.selenium.support.ui.ExpectedConditions$10.apply(ExpectedConditions.java:290)org.openqa.selenium.support.ui.ExpectedConditions$23.apply(ExpectedConditions.java:660)org.openqa.selenium.support.ui.ExpectedConditions$23.apply(ExpectedConditions.java:656)org.openqa.selenium.support.ui.FluentWait.until(FluentWait.java:208)page.BasePage.waitForClickable(BasePage.java:59)page.BasePage.doClick(BasePage.java:24)page.rawatjalan.ListRJPage.clickPencarian(ListRJPage.java:153)test.rawatjalan.PositiveRJTest.positivePengesahanTagihan(PositiveRJTest.java:137)java.base/jdk.internal.reflect.NativeMethodAccessorImpl.invoke0(Native Method)java.base/jdk.internal.reflect.NativeMethodAccessorImpl.invoke(NativeMethodAccessorImpl.java:77)java.base/jdk.internal.reflect.DelegatingMethodAccessorImpl.invoke(DelegatingMethodAccessorImpl.java:43)java.base/java.lang.reflect.Method.invoke(Method.java:568)org.testng.internal.MethodInvocationHelper.invokeMethod(MethodInvocationHelper.java:124)org.testng.internal.Invoker.invokeMethod(Invoker.java:583)org.testng.internal.Invoker.invokeTestMethod(Invoker.java:719)org.testng.internal.Invoker.invokeTestMethods(Invoker.java:989)org.testng.internal.TestMethodWorker.invokeTestMethods(TestMethodWorker.java:125)org.testng.internal.TestMethodWorker.run(TestMethodWorker.java:109)java.base/java.util.concurrent.ThreadPoolExecutor.runWorker(ThreadPoolExecutor.java:1136)java.base/java.util.concurrent.ThreadPoolExecutor$Worker.run(ThreadPoolExecutor.java:635)java.base/java.lang.Thread.run(Thread.java:833)
]]>
            </failure>
    </testcase>


</testsuite>
