<?xml version="1.0" encoding="UTF-8"?>
<testsuite name="Positive Rawat Inap Test"
           tests="1"
           failures="1"
           errors="0"
           skipped="0"
           time="14.232">
    <properties></properties>

            <testcase
                name="positiveRegisterInPatient"
                time="14.232"
                classname="test.rawatinap.PositiveRITest">

            <failure type="java.lang.IndexOutOfBoundsException" message="Index 0 out of bounds for length 0">
                <![CDATA[java.lang.IndexOutOfBoundsException: Index 0 out of bounds for length 0
                java.base/jdk.internal.util.Preconditions.outOfBounds(Preconditions.java:64)java.base/jdk.internal.util.Preconditions.outOfBoundsCheckIndex(Preconditions.java:70)java.base/jdk.internal.util.Preconditions.checkIndex(Preconditions.java:266)java.base/java.util.Objects.checkIndex(Objects.java:359)java.base/java.util.ArrayList.get(ArrayList.java:427)java.base/jdk.internal.reflect.NativeMethodAccessorImpl.invoke0(Native Method)java.base/jdk.internal.reflect.NativeMethodAccessorImpl.invoke(NativeMethodAccessorImpl.java:77)java.base/jdk.internal.reflect.DelegatingMethodAccessorImpl.invoke(DelegatingMethodAccessorImpl.java:43)java.base/java.lang.reflect.Method.invoke(Method.java:568)org.openqa.selenium.support.pagefactory.internal.LocatingElementListHandler.invoke(LocatingElementListHandler.java:40)jdk.proxy2/jdk.proxy2.$Proxy22.get(Unknown Source)page.rawatinap.PendaftaranRIPage.getTxtNama(PendaftaranRIPage.java:149)test.rawatinap.PositiveRITest.positiveRegisterInPatient(PositiveRITest.java:47)java.base/jdk.internal.reflect.NativeMethodAccessorImpl.invoke0(Native Method)java.base/jdk.internal.reflect.NativeMethodAccessorImpl.invoke(NativeMethodAccessorImpl.java:77)java.base/jdk.internal.reflect.DelegatingMethodAccessorImpl.invoke(DelegatingMethodAccessorImpl.java:43)java.base/java.lang.reflect.Method.invoke(Method.java:568)org.testng.internal.MethodInvocationHelper.invokeMethod(MethodInvocationHelper.java:124)org.testng.internal.Invoker.invokeMethod(Invoker.java:583)org.testng.internal.Invoker.invokeTestMethod(Invoker.java:719)org.testng.internal.Invoker.invokeTestMethods(Invoker.java:989)org.testng.internal.TestMethodWorker.invokeTestMethods(TestMethodWorker.java:125)org.testng.internal.TestMethodWorker.run(TestMethodWorker.java:109)java.base/java.util.concurrent.ThreadPoolExecutor.runWorker(ThreadPoolExecutor.java:1136)java.base/java.util.concurrent.ThreadPoolExecutor$Worker.run(ThreadPoolExecutor.java:635)java.base/java.lang.Thread.run(Thread.java:833)
]]>
            </failure>
    </testcase>


</testsuite>
